2025-03-08 11:39:33,237 - MetricsCollector - INFO - Collected metrics: {
  "timestamp": "2025-03-08T11:39:33.236733",
  "system": {
    "thread_count": 8,
    "ram_usage_percent": 65.5
  },
  "bitcoin_price_usd": 85747
}
2025-03-08 11:40:33,468 - MetricsCollector - INFO - Collected metrics: {
  "timestamp": "2025-03-08T11:40:33.468654",
  "system": {
    "thread_count": 5,
    "ram_usage_percent": 65.1
  },
  "bitcoin_price_usd": 85829
}
2025-03-08 11:41:03,709 - MetricsCollector - INFO - Collected metrics: {
  "timestamp": "2025-03-08T11:41:03.709414",
  "system": {
    "thread_count": 8,
    "ram_usage_percent": 64.8
  },
  "bitcoin_price_usd": 85820,
  "ethereum_price_usd": 2131.41
}
2025-03-08 11:42:03,924 - MetricsCollector - INFO - Collected metrics: {
  "timestamp": "2025-03-08T11:42:03.924199",
  "system": {
    "thread_count": 5,
    "ram_usage_percent": 63.4
  },
  "bitcoin_price_usd": 85820,
  "ethereum_price_usd": 2131.41
}
2025-03-08 11:43:04,499 - MetricsCollector - INFO - Collected metrics: {
  "timestamp": "2025-03-08T11:43:04.499002",
  "system": {
    "thread_count": 5,
    "ram_usage_percent": 63.2
  },
  "bitcoin_price_usd": 85764,
  "ethereum_price_usd": 2128.94
}
2025-03-08 11:44:04,724 - MetricsCollector - INFO - Collected metrics: {
  "timestamp": "2025-03-08T11:44:04.724146",
  "system": {
    "thread_count": 5,
    "ram_usage_percent": 63.5
  },
  "bitcoin_price_usd": 85764,
  "ethereum_price_usd": 2128.94
}
2025-03-08 12:11:09,022 - MetricsCollector - INFO - Collected and stored metrics: {
  "timestamp": "2025-03-08T12:11:08.980815",
  "system": {
    "thread_count": 8,
    "ram_usage_percent": 63.1
  },
  "bitcoin_price_usd": 85822,
  "ethereum_price_usd": 2138.42
}
2025-03-08 12:12:09,763 - MetricsCollector - INFO - Collected and stored metrics: {
  "timestamp": "2025-03-08T12:12:09.721255",
  "system": {
    "thread_count": 5,
    "ram_usage_percent": 66.5
  },
  "bitcoin_price_usd": 85833,
  "ethereum_price_usd": 2138.46
}
2025-03-08 12:13:10,052 - MetricsCollector - INFO - Collected and stored metrics: {
  "timestamp": "2025-03-08T12:13:09.987981",
  "system": {
    "thread_count": 5,
    "ram_usage_percent": 66.2
  },
  "bitcoin_price_usd": 85833,
  "ethereum_price_usd": 2138.46
}
2025-03-08 12:14:10,639 - MetricsCollector - INFO - Collected and stored metrics: {
  "timestamp": "2025-03-08T12:14:10.575017",
  "system": {
    "thread_count": 5,
    "ram_usage_percent": 66.5
  },
  "bitcoin_price_usd": 85857,
  "ethereum_price_usd": 2140.04
}
2025-03-08 12:15:10,956 - MetricsCollector - INFO - Collected and stored metrics: {
  "timestamp": "2025-03-08T12:15:10.912787",
  "system": {
    "thread_count": 5,
    "ram_usage_percent": 66.0
  },
  "bitcoin_price_usd": 85857,
  "ethereum_price_usd": 2140.04
}
2025-03-08 12:16:11,683 - MetricsCollector - INFO - Collected and stored metrics: {
  "timestamp": "2025-03-08T12:16:11.632880",
  "system": {
    "thread_count": 6,
    "ram_usage_percent": 65.8
  },
  "bitcoin_price_usd": 85924,
  "ethereum_price_usd": 2144.14
}
2025-03-08 12:17:11,953 - MetricsCollector - INFO - Collected and stored metrics: {
  "timestamp": "2025-03-08T12:17:11.921759",
  "system": {
    "thread_count": 6,
    "ram_usage_percent": 64.8
  },
  "bitcoin_price_usd": 85924,
  "ethereum_price_usd": 2144.14
}
2025-03-08 12:17:55,493 - MetricsCollector - INFO - Collected and stored metrics: {
  "timestamp": "2025-03-08T12:17:55.452062",
  "system": {
    "thread_count": 8,
    "ram_usage_percent": 63.6
  },
  "bitcoin_price_usd": 85935,
  "ethereum_price_usd": 2144.4
}
2025-03-08 12:18:55,815 - MetricsCollector - INFO - Collected and stored metrics: {
  "timestamp": "2025-03-08T12:18:55.768748",
  "system": {
    "thread_count": 5,
    "ram_usage_percent": 68.4
  },
  "bitcoin_price_usd": 85935,
  "ethereum_price_usd": 2144.4
}
2025-03-08 12:19:56,183 - MetricsCollector - INFO - Collected and stored metrics: {
  "timestamp": "2025-03-08T12:19:56.142565",
  "system": {
    "thread_count": 5,
    "ram_usage_percent": 66.8
  },
  "bitcoin_price_usd": 85957,
  "ethereum_price_usd": 2146.19
}
2025-03-08 12:20:56,695 - MetricsCollector - INFO - Collected and stored metrics: {
  "timestamp": "2025-03-08T12:20:56.660832",
  "system": {
    "thread_count": 5,
    "ram_usage_percent": 68.9
  },
  "bitcoin_price_usd": 86180,
  "ethereum_price_usd": 2154.21
}
2025-03-08 12:21:57,008 - MetricsCollector - INFO - Collected and stored metrics: {
  "timestamp": "2025-03-08T12:21:56.971831",
  "system": {
    "thread_count": 5,
    "ram_usage_percent": 68.1
  },
  "bitcoin_price_usd": 86180,
  "ethereum_price_usd": 2154.21
}
2025-03-08 12:22:57,380 - MetricsCollector - INFO - Collected and stored metrics: {
  "timestamp": "2025-03-08T12:22:57.349445",
  "system": {
    "thread_count": 6,
    "ram_usage_percent": 67.8
  },
  "bitcoin_price_usd": 86155,
  "ethereum_price_usd": 2154.27
}
2025-03-08 12:23:57,645 - MetricsCollector - INFO - Collected and stored metrics: {
  "timestamp": "2025-03-08T12:23:57.598080",
  "system": {
    "thread_count": 6,
    "ram_usage_percent": 67.4
  },
  "bitcoin_price_usd": 86155,
  "ethereum_price_usd": 2154.27
}
2025-03-08 12:24:58,027 - MetricsCollector - INFO - Collected and stored metrics: {
  "timestamp": "2025-03-08T12:24:57.969684",
  "system": {
    "thread_count": 5,
    "ram_usage_percent": 67.5
  },
  "bitcoin_price_usd": 86128,
  "ethereum_price_usd": 2157.62
}
2025-03-08 12:25:58,299 - MetricsCollector - INFO - Collected and stored metrics: {
  "timestamp": "2025-03-08T12:25:58.273400",
  "system": {
    "thread_count": 5,
    "ram_usage_percent": 67.1
  },
  "bitcoin_price_usd": 86128,
  "ethereum_price_usd": 2157.62
}
2025-03-08 12:26:58,757 - MetricsCollector - INFO - Collected and stored metrics: {
  "timestamp": "2025-03-08T12:26:58.683054",
  "system": {
    "thread_count": 5,
    "ram_usage_percent": 67.0
  },
  "bitcoin_price_usd": 86153,
  "ethereum_price_usd": 2158.74
}
2025-03-08 12:27:59,066 - MetricsCollector - INFO - Collected and stored metrics: {
  "timestamp": "2025-03-08T12:27:59.036384",
  "system": {
    "thread_count": 5,
    "ram_usage_percent": 67.3
  },
  "bitcoin_price_usd": 86153,
  "ethereum_price_usd": 2158.74
}
2025-03-08 12:28:59,428 - MetricsCollector - INFO - Collected and stored metrics: {
  "timestamp": "2025-03-08T12:28:59.396945",
  "system": {
    "thread_count": 5,
    "ram_usage_percent": 67.5
  },
  "bitcoin_price_usd": 86212,
  "ethereum_price_usd": 2160.73
}
2025-03-08 12:29:59,741 - MetricsCollector - INFO - Collected and stored metrics: {
  "timestamp": "2025-03-08T12:29:59.703183",
  "system": {
    "thread_count": 5,
    "ram_usage_percent": 67.4
  },
  "bitcoin_price_usd": 86212,
  "ethereum_price_usd": 2160.73
}
2025-03-08 12:31:00,246 - MetricsCollector - INFO - Collected and stored metrics: {
  "timestamp": "2025-03-08T12:31:00.209565",
  "system": {
    "thread_count": 5,
    "ram_usage_percent": 69.2
  },
  "bitcoin_price_usd": 86176,
  "ethereum_price_usd": 2161.12
}
2025-03-08 12:32:00,823 - MetricsCollector - INFO - Collected and stored metrics: {
  "timestamp": "2025-03-08T12:32:00.778246",
  "system": {
    "thread_count": 5,
    "ram_usage_percent": 67.6
  },
  "bitcoin_price_usd": 86178,
  "ethereum_price_usd": 2160.79
}
2025-03-08 12:33:01,054 - MetricsCollector - INFO - Collected and stored metrics: {
  "timestamp": "2025-03-08T12:33:01.028147",
  "system": {
    "thread_count": 5,
    "ram_usage_percent": 66.8
  },
  "bitcoin_price_usd": 86178,
  "ethereum_price_usd": 2160.79
}
2025-03-08 12:34:01,468 - MetricsCollector - INFO - Collected and stored metrics: {
  "timestamp": "2025-03-08T12:34:01.424026",
  "system": {
    "thread_count": 5,
    "ram_usage_percent": 67.0
  },
  "bitcoin_price_usd": 86152,
  "ethereum_price_usd": 2159.72
}
2025-03-08 12:35:01,693 - MetricsCollector - INFO - Collected and stored metrics: {
  "timestamp": "2025-03-08T12:35:01.663178",
  "system": {
    "thread_count": 5,
    "ram_usage_percent": 66.8
  },
  "bitcoin_price_usd": 86152,
  "ethereum_price_usd": 2159.72
}
2025-03-08 12:36:02,253 - MetricsCollector - INFO - Collected and stored metrics: {
  "timestamp": "2025-03-08T12:36:02.220621",
  "system": {
    "thread_count": 5,
    "ram_usage_percent": 67.0
  },
  "bitcoin_price_usd": 86092,
  "ethereum_price_usd": 2158.13
}
2025-03-08 12:37:02,867 - MetricsCollector - INFO - Collected and stored metrics: {
  "timestamp": "2025-03-08T12:37:02.826213",
  "system": {
    "thread_count": 5,
    "ram_usage_percent": 66.7
  },
  "bitcoin_price_usd": 86160,
  "ethereum_price_usd": 2159.48
}
2025-03-08 12:38:03,269 - MetricsCollector - INFO - Collected and stored metrics: {
  "timestamp": "2025-03-08T12:38:03.237925",
  "system": {
    "thread_count": 2,
    "ram_usage_percent": 67.3
  },
  "bitcoin_price_usd": 86160,
  "ethereum_price_usd": 2159.48
}
2025-03-08 12:39:03,586 - MetricsCollector - INFO - Collected and stored metrics: {
  "timestamp": "2025-03-08T12:39:03.560134",
  "system": {
    "thread_count": 2,
    "ram_usage_percent": 68.4
  },
  "bitcoin_price_usd": 86243,
  "ethereum_price_usd": 2162.82
}
2025-03-08 12:40:03,852 - MetricsCollector - INFO - Collected and stored metrics: {
  "timestamp": "2025-03-08T12:40:03.825009",
  "system": {
    "thread_count": 2,
    "ram_usage_percent": 67.7
  },
  "bitcoin_price_usd": 86243,
  "ethereum_price_usd": 2162.82
}
2025-03-08 12:41:04,513 - MetricsCollector - INFO - Collected and stored metrics: {
  "timestamp": "2025-03-08T12:41:04.401744",
  "system": {
    "thread_count": 2,
    "ram_usage_percent": 68.6
  },
  "bitcoin_price_usd": 86234,
  "ethereum_price_usd": 2163.1
}
2025-03-08 12:42:04,826 - MetricsCollector - INFO - Collected and stored metrics: {
  "timestamp": "2025-03-08T12:42:04.789250",
  "system": {
    "thread_count": 2,
    "ram_usage_percent": 68.9
  },
  "bitcoin_price_usd": 86234,
  "ethereum_price_usd": 2163.1
}
2025-03-08 12:43:05,389 - MetricsCollector - INFO - Collected and stored metrics: {
  "timestamp": "2025-03-08T12:43:05.358045",
  "system": {
    "thread_count": 2,
    "ram_usage_percent": 69.7
  },
  "bitcoin_price_usd": 86378,
  "ethereum_price_usd": 2166.85
}
2025-03-08 12:44:05,628 - MetricsCollector - INFO - Collected and stored metrics: {
  "timestamp": "2025-03-08T12:44:05.594775",
  "system": {
    "thread_count": 2,
    "ram_usage_percent": 68.9
  },
  "bitcoin_price_usd": 86378,
  "ethereum_price_usd": 2166.85
}
2025-03-08 12:45:06,203 - MetricsCollector - INFO - Collected and stored metrics: {
  "timestamp": "2025-03-08T12:45:06.162542",
  "system": {
    "thread_count": 2,
    "ram_usage_percent": 69.1
  },
  "bitcoin_price_usd": 86324,
  "ethereum_price_usd": 2165.84
}
2025-03-08 12:46:06,610 - MetricsCollector - INFO - Collected and stored metrics: {
  "timestamp": "2025-03-08T12:46:06.562547",
  "system": {
    "thread_count": 2,
    "ram_usage_percent": 68.8
  },
  "bitcoin_price_usd": 86322,
  "ethereum_price_usd": 2165.89
}
2025-03-08 12:47:06,885 - MetricsCollector - INFO - Collected and stored metrics: {
  "timestamp": "2025-03-08T12:47:06.848857",
  "system": {
    "thread_count": 2,
    "ram_usage_percent": 68.7
  },
  "bitcoin_price_usd": 86322,
  "ethereum_price_usd": 2165.89
}
2025-03-08 12:48:07,254 - MetricsCollector - INFO - Collected and stored metrics: {
  "timestamp": "2025-03-08T12:48:07.228179",
  "system": {
    "thread_count": 2,
    "ram_usage_percent": 68.1
  },
  "bitcoin_price_usd": 86316,
  "ethereum_price_usd": 2165.17
}
2025-03-08 12:49:20,330 - MetricsCollector - INFO - Collected and stored metrics: {
  "timestamp": "2025-03-08T12:49:20.303012",
  "system": {
    "thread_count": 2,
    "ram_usage_percent": 68.7
  },
  "bitcoin_price_usd": 86266,
  "ethereum_price_usd": 2163.59
}
2025-03-08 12:50:20,896 - MetricsCollector - INFO - Collected and stored metrics: {
  "timestamp": "2025-03-08T12:50:20.855176",
  "system": {
    "thread_count": 2,
    "ram_usage_percent": 67.3
  },
  "bitcoin_price_usd": 86230,
  "ethereum_price_usd": 2162.41
}
2025-03-08 12:51:21,148 - MetricsCollector - INFO - Collected and stored metrics: {
  "timestamp": "2025-03-08T12:51:21.122196",
  "system": {
    "thread_count": 2,
    "ram_usage_percent": 69.0
  },
  "bitcoin_price_usd": 86230,
  "ethereum_price_usd": 2162.41
}
2025-03-08 12:52:21,512 - MetricsCollector - INFO - Collected and stored metrics: {
  "timestamp": "2025-03-08T12:52:21.484958",
  "system": {
    "thread_count": 2,
    "ram_usage_percent": 67.3
  },
  "bitcoin_price_usd": 86195,
  "ethereum_price_usd": 2161.75
}
2025-03-08 12:53:21,800 - MetricsCollector - INFO - Collected and stored metrics: {
  "timestamp": "2025-03-08T12:53:21.769071",
  "system": {
    "thread_count": 2,
    "ram_usage_percent": 67.4
  },
  "bitcoin_price_usd": 86195,
  "ethereum_price_usd": 2161.75
}
2025-03-08 12:54:22,339 - MetricsCollector - INFO - Collected and stored metrics: {
  "timestamp": "2025-03-08T12:54:22.306623",
  "system": {
    "thread_count": 3,
    "ram_usage_percent": 66.9
  },
  "bitcoin_price_usd": 86222,
  "ethereum_price_usd": 2163.43
}
2025-03-08 12:55:22,699 - MetricsCollector - INFO - Collected and stored metrics: {
  "timestamp": "2025-03-08T12:55:22.668023",
  "system": {
    "thread_count": 2,
    "ram_usage_percent": 66.9
  },
  "bitcoin_price_usd": 86252,
  "ethereum_price_usd": 2166.43
}
2025-03-08 12:56:22,942 - MetricsCollector - INFO - Collected and stored metrics: {
  "timestamp": "2025-03-08T12:56:22.915957",
  "system": {
    "thread_count": 2,
    "ram_usage_percent": 66.7
  },
  "bitcoin_price_usd": 86252,
  "ethereum_price_usd": 2166.43
}
2025-03-08 12:57:23,355 - MetricsCollector - INFO - Collected and stored metrics: {
  "timestamp": "2025-03-08T12:57:23.307766",
  "system": {
    "thread_count": 2,
    "ram_usage_percent": 64.8
  },
  "bitcoin_price_usd": 86295,
  "ethereum_price_usd": 2168.51
}
2025-03-08 12:58:23,728 - MetricsCollector - INFO - Collected and stored metrics: {
  "timestamp": "2025-03-08T12:58:23.699914",
  "system": {
    "thread_count": 2,
    "ram_usage_percent": 65.5
  },
  "bitcoin_price_usd": 86269,
  "ethereum_price_usd": 2168.89
}
2025-03-08 12:59:23,949 - MetricsCollector - INFO - Collected and stored metrics: {
  "timestamp": "2025-03-08T12:59:23.903915",
  "system": {
    "thread_count": 2,
    "ram_usage_percent": 64.7
  },
  "bitcoin_price_usd": 86269,
  "ethereum_price_usd": 2168.89
}
2025-03-08 13:00:24,296 - MetricsCollector - INFO - Collected and stored metrics: {
  "timestamp": "2025-03-08T13:00:24.260642",
  "system": {
    "thread_count": 2,
    "ram_usage_percent": 66.2
  },
  "bitcoin_price_usd": 86203,
  "ethereum_price_usd": 2168.3
}
2025-03-08 13:01:24,668 - MetricsCollector - INFO - Collected and stored metrics: {
  "timestamp": "2025-03-08T13:01:24.611562",
  "system": {
    "thread_count": 2,
    "ram_usage_percent": 66.4
  },
  "bitcoin_price_usd": 86200,
  "ethereum_price_usd": 2168.07
}
2025-03-08 13:02:24,929 - MetricsCollector - INFO - Collected and stored metrics: {
  "timestamp": "2025-03-08T13:02:24.896880",
  "system": {
    "thread_count": 2,
    "ram_usage_percent": 68.6
  },
  "bitcoin_price_usd": 86200,
  "ethereum_price_usd": 2168.07
}
2025-03-08 13:03:25,635 - MetricsCollector - INFO - Collected and stored metrics: {
  "timestamp": "2025-03-08T13:03:25.576276",
  "system": {
    "thread_count": 2,
    "ram_usage_percent": 68.2
  },
  "bitcoin_price_usd": 86190,
  "ethereum_price_usd": 2168.06
}
2025-03-08 13:04:25,856 - MetricsCollector - INFO - Collected and stored metrics: {
  "timestamp": "2025-03-08T13:04:25.827803",
  "system": {
    "thread_count": 2,
    "ram_usage_percent": 68.1
  },
  "bitcoin_price_usd": 86190,
  "ethereum_price_usd": 2168.06
}
2025-03-08 13:05:26,532 - MetricsCollector - INFO - Collected and stored metrics: {
  "timestamp": "2025-03-08T13:05:26.505283",
  "system": {
    "thread_count": 2,
    "ram_usage_percent": 68.1
  },
  "bitcoin_price_usd": 86196,
  "ethereum_price_usd": 2168.12
}
2025-03-08 13:06:26,778 - MetricsCollector - INFO - Collected and stored metrics: {
  "timestamp": "2025-03-08T13:06:26.749803",
  "system": {
    "thread_count": 2,
    "ram_usage_percent": 68.8
  },
  "bitcoin_price_usd": 86196,
  "ethereum_price_usd": 2168.12
}
2025-03-08 13:07:27,363 - MetricsCollector - INFO - Collected and stored metrics: {
  "timestamp": "2025-03-08T13:07:27.337506",
  "system": {
    "thread_count": 2,
    "ram_usage_percent": 68.5
  },
  "bitcoin_price_usd": 86220,
  "ethereum_price_usd": 2170.77
}
2025-03-08 13:08:27,720 - MetricsCollector - INFO - Collected and stored metrics: {
  "timestamp": "2025-03-08T13:08:27.608769",
  "system": {
    "thread_count": 2,
    "ram_usage_percent": 68.8
  },
  "bitcoin_price_usd": 86220,
  "ethereum_price_usd": 2170.77
}
2025-03-08 13:09:28,142 - MetricsCollector - INFO - Collected and stored metrics: {
  "timestamp": "2025-03-08T13:09:28.109400",
  "system": {
    "thread_count": 2,
    "ram_usage_percent": 68.3
  },
  "bitcoin_price_usd": 86256,
  "ethereum_price_usd": 2171.05
}
2025-03-08 13:10:28,832 - MetricsCollector - INFO - Collected and stored metrics: {
  "timestamp": "2025-03-08T13:10:28.793326",
  "system": {
    "thread_count": 2,
    "ram_usage_percent": 68.2
  },
  "bitcoin_price_usd": 86220,
  "ethereum_price_usd": 2170.14
}
2025-03-08 13:11:29,116 - MetricsCollector - INFO - Collected and stored metrics: {
  "timestamp": "2025-03-08T13:11:29.074288",
  "system": {
    "thread_count": 2,
    "ram_usage_percent": 69.2
  },
  "bitcoin_price_usd": 86220,
  "ethereum_price_usd": 2170.14
}
2025-03-08 13:12:29,681 - MetricsCollector - INFO - Collected and stored metrics: {
  "timestamp": "2025-03-08T13:12:29.639161",
  "system": {
    "thread_count": 2,
    "ram_usage_percent": 68.3
  },
  "bitcoin_price_usd": 86208,
  "ethereum_price_usd": 2170.5
}
2025-03-08 13:13:29,913 - MetricsCollector - INFO - Collected and stored metrics: {
  "timestamp": "2025-03-08T13:13:29.882974",
  "system": {
    "thread_count": 2,
    "ram_usage_percent": 68.3
  },
  "bitcoin_price_usd": 86208,
  "ethereum_price_usd": 2170.5
}
2025-03-08 13:14:30,692 - MetricsCollector - INFO - Collected and stored metrics: {
  "timestamp": "2025-03-08T13:14:30.652757",
  "system": {
    "thread_count": 2,
    "ram_usage_percent": 69.3
  },
  "bitcoin_price_usd": 86190,
  "ethereum_price_usd": 2171.02
}
2025-03-08 13:15:30,911 - MetricsCollector - INFO - Collected and stored metrics: {
  "timestamp": "2025-03-08T13:15:30.879282",
  "system": {
    "thread_count": 2,
    "ram_usage_percent": 71.1
  },
  "bitcoin_price_usd": 86190,
  "ethereum_price_usd": 2171.02
}
2025-03-08 13:16:31,439 - MetricsCollector - INFO - Collected and stored metrics: {
  "timestamp": "2025-03-08T13:16:31.406355",
  "system": {
    "thread_count": 2,
    "ram_usage_percent": 69.5
  },
  "bitcoin_price_usd": 86152,
  "ethereum_price_usd": 2169.12
}
2025-03-08 13:17:31,710 - MetricsCollector - INFO - Collected and stored metrics: {
  "timestamp": "2025-03-08T13:17:31.662748",
  "system": {
    "thread_count": 2,
    "ram_usage_percent": 68.5
  },
  "bitcoin_price_usd": 86152,
  "ethereum_price_usd": 2169.12
}
2025-03-08 13:18:32,438 - MetricsCollector - INFO - Collected and stored metrics: {
  "timestamp": "2025-03-08T13:18:32.386269",
  "system": {
    "thread_count": 2,
    "ram_usage_percent": 69.2
  },
  "bitcoin_price_usd": 86148,
  "ethereum_price_usd": 2168.94
}
2025-03-08 13:19:32,743 - MetricsCollector - INFO - Collected and stored metrics: {
  "timestamp": "2025-03-08T13:19:32.708483",
  "system": {
    "thread_count": 2,
    "ram_usage_percent": 68.5
  },
  "bitcoin_price_usd": 86148,
  "ethereum_price_usd": 2168.94
}
2025-03-08 13:20:33,361 - MetricsCollector - INFO - Collected and stored metrics: {
  "timestamp": "2025-03-08T13:20:33.317560",
  "system": {
    "thread_count": 2,
    "ram_usage_percent": 68.8
  },
  "bitcoin_price_usd": 86187,
  "ethereum_price_usd": 2169.52
}
2025-03-08 13:21:33,847 - MetricsCollector - INFO - Collected and stored metrics: {
  "timestamp": "2025-03-08T13:21:33.814473",
  "system": {
    "thread_count": 2,
    "ram_usage_percent": 68.6
  },
  "bitcoin_price_usd": 86188,
  "ethereum_price_usd": 2169.52
}
2025-03-08 13:22:34,899 - MetricsCollector - INFO - Collected and stored metrics: {
  "timestamp": "2025-03-08T13:22:34.851444",
  "system": {
    "thread_count": 2,
    "ram_usage_percent": 69.4
  },
  "bitcoin_price_usd": 86137,
  "ethereum_price_usd": 2168.35
}
2025-03-08 13:23:35,189 - MetricsCollector - INFO - Collected and stored metrics: {
  "timestamp": "2025-03-08T13:23:35.146657",
  "system": {
    "thread_count": 2,
    "ram_usage_percent": 70.4
  },
  "bitcoin_price_usd": 86137,
  "ethereum_price_usd": 2168.35
}
2025-03-08 13:24:35,685 - MetricsCollector - INFO - Collected and stored metrics: {
  "timestamp": "2025-03-08T13:24:35.636289",
  "system": {
    "thread_count": 2,
    "ram_usage_percent": 70.4
  },
  "bitcoin_price_usd": 86157,
  "ethereum_price_usd": 2169.81
}
2025-03-08 13:25:36,047 - MetricsCollector - INFO - Collected and stored metrics: {
  "timestamp": "2025-03-08T13:25:36.011911",
  "system": {
    "thread_count": 2,
    "ram_usage_percent": 72.3
  },
  "bitcoin_price_usd": 86157,
  "ethereum_price_usd": 2169.81
}
2025-03-08 13:26:36,412 - MetricsCollector - INFO - Collected and stored metrics: {
  "timestamp": "2025-03-08T13:26:36.356768",
  "system": {
    "thread_count": 2,
    "ram_usage_percent": 72.7
  },
  "bitcoin_price_usd": 86182,
  "ethereum_price_usd": 2174.25
}
2025-03-08 13:27:36,692 - MetricsCollector - INFO - Collected and stored metrics: {
  "timestamp": "2025-03-08T13:27:36.657994",
  "system": {
    "thread_count": 2,
    "ram_usage_percent": 72.5
  },
  "bitcoin_price_usd": 86182,
  "ethereum_price_usd": 2174.25
}
2025-03-08 13:28:37,055 - MetricsCollector - INFO - Collected and stored metrics: {
  "timestamp": "2025-03-08T13:28:37.025423",
  "system": {
    "thread_count": 2,
    "ram_usage_percent": 73.7
  },
  "bitcoin_price_usd": 86305,
  "ethereum_price_usd": 2177.84
}
2025-03-08 13:29:37,377 - MetricsCollector - INFO - Collected and stored metrics: {
  "timestamp": "2025-03-08T13:29:37.340928",
  "system": {
    "thread_count": 2,
    "ram_usage_percent": 73.5
  },
  "bitcoin_price_usd": 86305,
  "ethereum_price_usd": 2177.84
}
2025-03-08 13:30:38,276 - MetricsCollector - INFO - Collected and stored metrics: {
  "timestamp": "2025-03-08T13:30:37.948351",
  "system": {
    "thread_count": 2,
    "ram_usage_percent": 72.8
  },
  "bitcoin_price_usd": 86382,
  "ethereum_price_usd": 2182.52
}
2025-03-08 13:31:38,744 - MetricsCollector - INFO - Collected and stored metrics: {
  "timestamp": "2025-03-08T13:31:38.704486",
  "system": {
    "thread_count": 2,
    "ram_usage_percent": 69.6
  },
  "bitcoin_price_usd": 86365,
  "ethereum_price_usd": 2182.79
}
2025-03-08 13:32:39,057 - MetricsCollector - INFO - Collected and stored metrics: {
  "timestamp": "2025-03-08T13:32:39.018269",
  "system": {
    "thread_count": 2,
    "ram_usage_percent": 71.2
  },
  "bitcoin_price_usd": 86365,
  "ethereum_price_usd": 2182.79
}
2025-03-08 13:33:39,841 - MetricsCollector - INFO - Collected and stored metrics: {
  "timestamp": "2025-03-08T13:33:39.789742",
  "system": {
    "thread_count": 2,
    "ram_usage_percent": 72.2
  },
  "bitcoin_price_usd": 86445,
  "ethereum_price_usd": 2187.16
}
2025-03-08 13:34:40,272 - MetricsCollector - INFO - Collected and stored metrics: {
  "timestamp": "2025-03-08T13:34:40.232715",
  "system": {
    "thread_count": 2,
    "ram_usage_percent": 73.0
  },
  "bitcoin_price_usd": 86445,
  "ethereum_price_usd": 2187.16
}
2025-03-08 13:35:41,437 - MetricsCollector - INFO - Collected and stored metrics: {
  "timestamp": "2025-03-08T13:35:41.150604",
  "system": {
    "thread_count": 2,
    "ram_usage_percent": 73.0
  },
  "bitcoin_price_usd": 86419,
  "ethereum_price_usd": 2187.55
}
2025-03-08 13:36:42,138 - MetricsCollector - INFO - Collected and stored metrics: {
  "timestamp": "2025-03-08T13:36:42.083742",
  "system": {
    "thread_count": 2,
    "ram_usage_percent": 75.1
  },
  "bitcoin_price_usd": 86376,
  "ethereum_price_usd": 2187.37
}
2025-03-08 13:37:43,173 - MetricsCollector - INFO - Collected and stored metrics: {
  "timestamp": "2025-03-08T13:37:42.929016",
  "system": {
    "thread_count": 2,
    "ram_usage_percent": 73.0
  },
  "bitcoin_price_usd": 86369,
  "ethereum_price_usd": 2188.36
}
2025-03-08 13:38:44,001 - MetricsCollector - INFO - Collected and stored metrics: {
  "timestamp": "2025-03-08T13:38:43.953480",
  "system": {
    "thread_count": 2,
    "ram_usage_percent": 72.7
  },
  "bitcoin_price_usd": 86358,
  "ethereum_price_usd": 2188.51
}
2025-03-08 13:39:44,844 - MetricsCollector - INFO - Collected and stored metrics: {
  "timestamp": "2025-03-08T13:39:44.805443",
  "system": {
    "thread_count": 2,
    "ram_usage_percent": 73.7
  },
  "bitcoin_price_usd": 86330,
  "ethereum_price_usd": 2187.87
}
2025-03-08 13:40:45,171 - MetricsCollector - INFO - Collected and stored metrics: {
  "timestamp": "2025-03-08T13:40:45.126273",
  "system": {
    "thread_count": 2,
    "ram_usage_percent": 72.8
  },
  "bitcoin_price_usd": 86330,
  "ethereum_price_usd": 2187.87
}
2025-03-08 13:41:45,758 - MetricsCollector - INFO - Collected and stored metrics: {
  "timestamp": "2025-03-08T13:41:45.607728",
  "system": {
    "thread_count": 2,
    "ram_usage_percent": 72.3
  },
  "bitcoin_price_usd": 86260,
  "ethereum_price_usd": 2186.01
}
2025-03-08 13:42:46,134 - MetricsCollector - INFO - Collected and stored metrics: {
  "timestamp": "2025-03-08T13:42:46.088123",
  "system": {
    "thread_count": 2,
    "ram_usage_percent": 73.5
  },
  "bitcoin_price_usd": 86260,
  "ethereum_price_usd": 2186.01
}
2025-03-08 13:43:46,951 - MetricsCollector - INFO - Collected and stored metrics: {
  "timestamp": "2025-03-08T13:43:46.916932",
  "system": {
    "thread_count": 2,
    "ram_usage_percent": 72.6
  },
  "bitcoin_price_usd": 86242,
  "ethereum_price_usd": 2184.01
}
2025-03-08 13:44:47,291 - MetricsCollector - INFO - Collected and stored metrics: {
  "timestamp": "2025-03-08T13:44:47.258051",
  "system": {
    "thread_count": 2,
    "ram_usage_percent": 72.8
  },
  "bitcoin_price_usd": 86242,
  "ethereum_price_usd": 2184.01
}
2025-03-08 13:45:47,671 - MetricsCollector - INFO - Collected and stored metrics: {
  "timestamp": "2025-03-08T13:45:47.644434",
  "system": {
    "thread_count": 2,
    "ram_usage_percent": 72.6
  },
  "bitcoin_price_usd": 86277,
  "ethereum_price_usd": 2184.42
}
2025-03-08 13:46:47,926 - MetricsCollector - INFO - Collected and stored metrics: {
  "timestamp": "2025-03-08T13:46:47.899346",
  "system": {
    "thread_count": 2,
    "ram_usage_percent": 72.6
  },
  "bitcoin_price_usd": 86277,
  "ethereum_price_usd": 2184.42
}
2025-03-08 13:47:48,268 - MetricsCollector - INFO - Collected and stored metrics: {
  "timestamp": "2025-03-08T13:47:48.238753",
  "system": {
    "thread_count": 2,
    "ram_usage_percent": 72.3
  },
  "bitcoin_price_usd": 86307,
  "ethereum_price_usd": 2186.48
}
2025-03-08 13:48:48,740 - MetricsCollector - INFO - Collected and stored metrics: {
  "timestamp": "2025-03-08T13:48:48.705138",
  "system": {
    "thread_count": 2,
    "ram_usage_percent": 73.4
  },
  "bitcoin_price_usd": 86286,
  "ethereum_price_usd": 2184.54
}
2025-03-08 13:49:49,051 - MetricsCollector - INFO - Collected and stored metrics: {
  "timestamp": "2025-03-08T13:49:49.017912",
  "system": {
    "thread_count": 2,
    "ram_usage_percent": 72.8
  },
  "bitcoin_price_usd": 86286,
  "ethereum_price_usd": 2184.54
}
2025-03-08 13:50:49,428 - MetricsCollector - INFO - Collected and stored metrics: {
  "timestamp": "2025-03-08T13:50:49.393963",
  "system": {
    "thread_count": 2,
    "ram_usage_percent": 71.7
  },
  "bitcoin_price_usd": 86260,
  "ethereum_price_usd": 2182.67
}
2025-03-08 13:51:49,939 - MetricsCollector - INFO - Collected and stored metrics: {
  "timestamp": "2025-03-08T13:51:49.902087",
  "system": {
    "thread_count": 2,
    "ram_usage_percent": 72.1
  },
  "bitcoin_price_usd": 86260,
  "ethereum_price_usd": 2182.67
}
2025-03-08 13:52:50,513 - MetricsCollector - INFO - Collected and stored metrics: {
  "timestamp": "2025-03-08T13:52:50.477060",
  "system": {
    "thread_count": 2,
    "ram_usage_percent": 71.3
  },
  "bitcoin_price_usd": 86272,
  "ethereum_price_usd": 2183.31
}
2025-03-08 13:53:50,866 - MetricsCollector - INFO - Collected and stored metrics: {
  "timestamp": "2025-03-08T13:53:50.816374",
  "system": {
    "thread_count": 2,
    "ram_usage_percent": 72.7
  },
  "bitcoin_price_usd": 86272,
  "ethereum_price_usd": 2183.31
}
2025-03-08 13:54:51,465 - MetricsCollector - INFO - Collected and stored metrics: {
  "timestamp": "2025-03-08T13:54:51.420151",
  "system": {
    "thread_count": 2,
    "ram_usage_percent": 72.5
  },
  "bitcoin_price_usd": 86293,
  "ethereum_price_usd": 2186.32
}
2025-03-08 13:55:51,717 - MetricsCollector - INFO - Collected and stored metrics: {
  "timestamp": "2025-03-08T13:55:51.684933",
  "system": {
    "thread_count": 2,
    "ram_usage_percent": 71.7
  },
  "bitcoin_price_usd": 86293,
  "ethereum_price_usd": 2186.32
}
2025-03-08 13:56:52,128 - MetricsCollector - INFO - Collected and stored metrics: {
  "timestamp": "2025-03-08T13:56:52.090090",
  "system": {
    "thread_count": 2,
    "ram_usage_percent": 74.5
  },
  "bitcoin_price_usd": 86301,
  "ethereum_price_usd": 2186.8
}
2025-03-08 13:57:52,795 - MetricsCollector - INFO - Collected and stored metrics: {
  "timestamp": "2025-03-08T13:57:52.762615",
  "system": {
    "thread_count": 2,
    "ram_usage_percent": 75.2
  },
  "bitcoin_price_usd": 86378,
  "ethereum_price_usd": 2190.53
}
2025-03-08 13:58:53,074 - MetricsCollector - INFO - Collected and stored metrics: {
  "timestamp": "2025-03-08T13:58:53.036446",
  "system": {
    "thread_count": 3,
    "ram_usage_percent": 75.7
  },
  "bitcoin_price_usd": 86378,
  "ethereum_price_usd": 2190.53
}
2025-03-08 13:59:53,483 - MetricsCollector - INFO - Collected and stored metrics: {
  "timestamp": "2025-03-08T13:59:53.436747",
  "system": {
    "thread_count": 3,
    "ram_usage_percent": 73.8
  },
  "bitcoin_price_usd": 86354,
  "ethereum_price_usd": 2190.07
}
2025-03-08 14:00:53,794 - MetricsCollector - INFO - Collected and stored metrics: {
  "timestamp": "2025-03-08T14:00:53.754156",
  "system": {
    "thread_count": 2,
    "ram_usage_percent": 73.8
  },
  "bitcoin_price_usd": 86354,
  "ethereum_price_usd": 2190.07
}
2025-03-08 14:01:54,211 - MetricsCollector - INFO - Collected and stored metrics: {
  "timestamp": "2025-03-08T14:01:54.169798",
  "system": {
    "thread_count": 2,
    "ram_usage_percent": 74.1
  },
  "bitcoin_price_usd": 86300,
  "ethereum_price_usd": 2188.87
}
2025-03-08 14:02:54,676 - MetricsCollector - INFO - Collected and stored metrics: {
  "timestamp": "2025-03-08T14:02:54.631420",
  "system": {
    "thread_count": 2,
    "ram_usage_percent": 74.5
  },
  "bitcoin_price_usd": 86323,
  "ethereum_price_usd": 2189.45
}
2025-03-08 14:03:54,989 - MetricsCollector - INFO - Collected and stored metrics: {
  "timestamp": "2025-03-08T14:03:54.954107",
  "system": {
    "thread_count": 2,
    "ram_usage_percent": 74.8
  },
  "bitcoin_price_usd": 86323,
  "ethereum_price_usd": 2189.45
}
2025-03-08 14:04:55,483 - MetricsCollector - INFO - Collected and stored metrics: {
  "timestamp": "2025-03-08T14:04:55.445811",
  "system": {
    "thread_count": 2,
    "ram_usage_percent": 74.7
  },
  "bitcoin_price_usd": 86296,
  "ethereum_price_usd": 2187.91
}
2025-03-08 14:05:56,173 - MetricsCollector - INFO - Collected and stored metrics: {
  "timestamp": "2025-03-08T14:05:56.098243",
  "system": {
    "thread_count": 2,
    "ram_usage_percent": 77.5
  },
  "bitcoin_price_usd": 86296,
  "ethereum_price_usd": 2187.91
}
2025-03-08 14:06:56,796 - MetricsCollector - INFO - Collected and stored metrics: {
  "timestamp": "2025-03-08T14:06:56.727861",
  "system": {
    "thread_count": 2,
    "ram_usage_percent": 74.2
  },
  "bitcoin_price_usd": 86359,
  "ethereum_price_usd": 2189.71
}
2025-03-08 14:07:57,172 - MetricsCollector - INFO - Collected and stored metrics: {
  "timestamp": "2025-03-08T14:07:57.108449",
  "system": {
    "thread_count": 2,
    "ram_usage_percent": 73.3
  },
  "bitcoin_price_usd": 86359,
  "ethereum_price_usd": 2189.71
}
2025-03-08 14:08:57,799 - MetricsCollector - INFO - Collected and stored metrics: {
  "timestamp": "2025-03-08T14:08:57.735763",
  "system": {
    "thread_count": 2,
    "ram_usage_percent": 73.0
  },
  "bitcoin_price_usd": 86423,
  "ethereum_price_usd": 2191.42
}
2025-03-08 14:09:58,149 - MetricsCollector - INFO - Collected and stored metrics: {
  "timestamp": "2025-03-08T14:09:58.086744",
  "system": {
    "thread_count": 2,
    "ram_usage_percent": 73.9
  },
  "bitcoin_price_usd": 86423,
  "ethereum_price_usd": 2191.42
}
2025-03-08 14:10:58,855 - MetricsCollector - INFO - Collected and stored metrics: {
  "timestamp": "2025-03-08T14:10:58.786138",
  "system": {
    "thread_count": 2,
    "ram_usage_percent": 74.7
  },
  "bitcoin_price_usd": 86408,
  "ethereum_price_usd": 2190.61
}
2025-03-08 14:11:59,689 - MetricsCollector - INFO - Collected and stored metrics: {
  "timestamp": "2025-03-08T14:11:59.607381",
  "system": {
    "thread_count": 2,
    "ram_usage_percent": 83.1
  },
  "bitcoin_price_usd": 86407,
  "ethereum_price_usd": 2190.28
}
2025-03-08 14:13:00,182 - MetricsCollector - INFO - Collected and stored metrics: {
  "timestamp": "2025-03-08T14:13:00.012357",
  "system": {
    "thread_count": 2,
    "ram_usage_percent": 82.5
  },
  "bitcoin_price_usd": 86407,
  "ethereum_price_usd": 2190.28
}
2025-03-08 15:53:08,277 - MetricsCollector - INFO - Collected and stored metrics: {
  "timestamp": "2025-03-08T15:53:08.262303",
  "system": {
    "thread_count": 9,
    "ram_usage_percent": 64.5
  },
  "bitcoin_price_usd": 86493,
  "ethereum_price_usd": 2184.54
}
2025-03-08 15:54:09,909 - MetricsCollector - INFO - Collected and stored metrics: {
  "timestamp": "2025-03-08T15:54:09.885409",
  "system": {
    "thread_count": 6,
    "ram_usage_percent": 68.9
  },
  "bitcoin_price_usd": 86508,
  "ethereum_price_usd": 2185.08
}
2025-03-08 15:55:11,732 - MetricsCollector - INFO - Collected and stored metrics: {
  "timestamp": "2025-03-08T15:55:11.716819",
  "system": {
    "thread_count": 6,
    "ram_usage_percent": 67.7
  },
  "bitcoin_price_usd": 86448,
  "ethereum_price_usd": 2183.76
}
2025-03-08 15:56:13,771 - MetricsCollector - INFO - Collected and stored metrics: {
  "timestamp": "2025-03-08T15:56:13.755187",
  "system": {
    "thread_count": 6,
    "ram_usage_percent": 66.9
  },
  "bitcoin_price_usd": 86416,
  "ethereum_price_usd": 2183.45
}
2025-03-08 15:57:15,277 - MetricsCollector - INFO - Collected and stored metrics: {
  "timestamp": "2025-03-08T15:57:15.260853",
  "system": {
    "thread_count": 6,
    "ram_usage_percent": 69.0
  },
  "bitcoin_price_usd": 86373,
  "ethereum_price_usd": 2181.58
}
2025-03-08 15:58:16,836 - MetricsCollector - INFO - Collected and stored metrics: {
  "timestamp": "2025-03-08T15:58:16.820505",
  "system": {
    "thread_count": 6,
    "ram_usage_percent": 70.0
  },
  "bitcoin_price_usd": 86372,
  "ethereum_price_usd": 2181.27
}
2025-03-08 15:59:20,468 - MetricsCollector - INFO - Collected and stored metrics: {
  "timestamp": "2025-03-08T15:59:20.384055",
  "system": {
    "thread_count": 6,
    "ram_usage_percent": 69.6
  },
  "bitcoin_price_usd": 86401,
  "ethereum_price_usd": 2181.73
}
2025-03-08 16:00:22,815 - MetricsCollector - INFO - Collected and stored metrics: {
  "timestamp": "2025-03-08T16:00:22.788528",
  "system": {
    "thread_count": 5,
    "ram_usage_percent": 71.9
  },
  "bitcoin_price_usd": 86384,
  "ethereum_price_usd": 2181.37
}
2025-03-08 16:01:24,092 - MetricsCollector - INFO - Collected and stored metrics: {
  "timestamp": "2025-03-08T16:01:24.077211",
  "system": {
    "thread_count": 5,
    "ram_usage_percent": 70.9
  },
  "bitcoin_price_usd": 86357,
  "ethereum_price_usd": 2181.02
}
2025-03-08 16:02:25,451 - MetricsCollector - INFO - Collected and stored metrics: {
  "timestamp": "2025-03-08T16:02:25.443908",
  "system": {
    "thread_count": 5,
    "ram_usage_percent": 68.6
  },
  "bitcoin_price_usd": 86360,
  "ethereum_price_usd": 2180.99
}
2025-03-08 16:03:26,523 - MetricsCollector - INFO - Collected and stored metrics: {
  "timestamp": "2025-03-08T16:03:26.510016",
  "system": {
    "thread_count": 5,
    "ram_usage_percent": 69.5
  },
  "bitcoin_price_usd": 86405,
  "ethereum_price_usd": 2182.0
}
2025-03-08 16:04:27,868 - MetricsCollector - INFO - Collected and stored metrics: {
  "timestamp": "2025-03-08T16:04:27.856706",
  "system": {
    "thread_count": 5,
    "ram_usage_percent": 69.2
  },
  "bitcoin_price_usd": 86406,
  "ethereum_price_usd": 2182.1
}
2025-03-08 16:05:30,063 - MetricsCollector - INFO - Collected and stored metrics: {
  "timestamp": "2025-03-08T16:05:30.043968",
  "system": {
    "thread_count": 5,
    "ram_usage_percent": 71.8
  },
  "bitcoin_price_usd": 86409,
  "ethereum_price_usd": 2181.8
}
2025-03-08 16:06:31,333 - MetricsCollector - INFO - Collected and stored metrics: {
  "timestamp": "2025-03-08T16:06:31.323655",
  "system": {
    "thread_count": 5,
    "ram_usage_percent": 71.1
  },
  "bitcoin_price_usd": 86415,
  "ethereum_price_usd": 2181.68
}
2025-03-08 16:07:33,450 - MetricsCollector - INFO - Collected and stored metrics: {
  "timestamp": "2025-03-08T16:07:33.432839",
  "system": {
    "thread_count": 5,
    "ram_usage_percent": 71.7
  },
  "bitcoin_price_usd": 86387,
  "ethereum_price_usd": 2179.86
}
2025-03-08 16:08:35,499 - MetricsCollector - INFO - Collected and stored metrics: {
  "timestamp": "2025-03-08T16:08:35.487361",
  "system": {
    "thread_count": 6,
    "ram_usage_percent": 71.8
  },
  "bitcoin_price_usd": 86301,
  "ethereum_price_usd": 2177.63
}
2025-03-08 16:09:37,319 - MetricsCollector - INFO - Collected and stored metrics: {
  "timestamp": "2025-03-08T16:09:37.303963",
  "system": {
    "thread_count": 5,
    "ram_usage_percent": 71.9
  },
  "bitcoin_price_usd": 86302,
  "ethereum_price_usd": 2177.59
}
2025-03-08 16:10:39,314 - MetricsCollector - INFO - Collected and stored metrics: {
  "timestamp": "2025-03-08T16:10:39.301050",
  "system": {
    "thread_count": 5,
    "ram_usage_percent": 71.9
  },
  "bitcoin_price_usd": 86278,
  "ethereum_price_usd": 2176.66
}
2025-03-08 16:11:40,852 - MetricsCollector - INFO - Collected and stored metrics: {
  "timestamp": "2025-03-08T16:11:40.841292",
  "system": {
    "thread_count": 5,
    "ram_usage_percent": 71.1
  },
  "bitcoin_price_usd": 86254,
  "ethereum_price_usd": 2175.75
}
2025-03-08 16:12:42,457 - MetricsCollector - INFO - Collected and stored metrics: {
  "timestamp": "2025-03-08T16:12:42.442087",
  "system": {
    "thread_count": 5,
    "ram_usage_percent": 70.4
  },
  "bitcoin_price_usd": 86267,
  "ethereum_price_usd": 2175.1
}
2025-03-08 16:13:44,016 - MetricsCollector - INFO - Collected and stored metrics: {
  "timestamp": "2025-03-08T16:13:43.994708",
  "system": {
    "thread_count": 2,
    "ram_usage_percent": 71.1
  },
  "bitcoin_price_usd": 86299,
  "ethereum_price_usd": 2175.19
}
2025-03-08 16:14:45,209 - MetricsCollector - INFO - Collected and stored metrics: {
  "timestamp": "2025-03-08T16:14:45.193319",
  "system": {
    "thread_count": 2,
    "ram_usage_percent": 71.5
  },
  "bitcoin_price_usd": 86330,
  "ethereum_price_usd": 2175.85
}
2025-03-08 16:15:47,414 - MetricsCollector - INFO - Collected and stored metrics: {
  "timestamp": "2025-03-08T16:15:47.399208",
  "system": {
    "thread_count": 2,
    "ram_usage_percent": 71.7
  },
  "bitcoin_price_usd": 86375,
  "ethereum_price_usd": 2176.82
}
2025-03-08 16:16:49,062 - MetricsCollector - INFO - Collected and stored metrics: {
  "timestamp": "2025-03-08T16:16:49.048487",
  "system": {
    "thread_count": 2,
    "ram_usage_percent": 72.5
  },
  "bitcoin_price_usd": 86366,
  "ethereum_price_usd": 2176.39
}
2025-03-08 16:17:50,315 - MetricsCollector - INFO - Collected and stored metrics: {
  "timestamp": "2025-03-08T16:17:50.299073",
  "system": {
    "thread_count": 2,
    "ram_usage_percent": 71.7
  },
  "bitcoin_price_usd": 86250,
  "ethereum_price_usd": 2173.93
}
2025-03-08 16:18:51,581 - MetricsCollector - INFO - Collected and stored metrics: {
  "timestamp": "2025-03-08T16:18:51.567325",
  "system": {
    "thread_count": 2,
    "ram_usage_percent": 71.6
  },
  "bitcoin_price_usd": 86236,
  "ethereum_price_usd": 2173.8
}
2025-03-08 16:19:53,630 - MetricsCollector - INFO - Collected and stored metrics: {
  "timestamp": "2025-03-08T16:19:53.614556",
  "system": {
    "thread_count": 2,
    "ram_usage_percent": 71.6
  },
  "bitcoin_price_usd": 86222,
  "ethereum_price_usd": 2173.07
}
2025-03-08 16:20:54,807 - MetricsCollector - INFO - Collected and stored metrics: {
  "timestamp": "2025-03-08T16:20:54.792267",
  "system": {
    "thread_count": 2,
    "ram_usage_percent": 71.4
  },
  "bitcoin_price_usd": 86191,
  "ethereum_price_usd": 2172.33
}
2025-03-08 16:21:56,086 - MetricsCollector - INFO - Collected and stored metrics: {
  "timestamp": "2025-03-08T16:21:56.071143",
  "system": {
    "thread_count": 2,
    "ram_usage_percent": 70.7
  },
  "bitcoin_price_usd": 86162,
  "ethereum_price_usd": 2171.24
}
2025-03-08 16:22:58,370 - MetricsCollector - INFO - Collected and stored metrics: {
  "timestamp": "2025-03-08T16:22:58.348359",
  "system": {
    "thread_count": 2,
    "ram_usage_percent": 75.8
  },
  "bitcoin_price_usd": 86030,
  "ethereum_price_usd": 2168.75
}
2025-03-08 16:23:59,716 - MetricsCollector - INFO - Collected and stored metrics: {
  "timestamp": "2025-03-08T16:23:59.708436",
  "system": {
    "thread_count": 2,
    "ram_usage_percent": 74.3
  },
  "bitcoin_price_usd": 85949,
  "ethereum_price_usd": 2166.54
}
2025-03-08 16:25:01,386 - MetricsCollector - INFO - Collected and stored metrics: {
  "timestamp": "2025-03-08T16:25:01.354781",
  "system": {
    "thread_count": 2,
    "ram_usage_percent": 69.4
  },
  "bitcoin_price_usd": 85972,
  "ethereum_price_usd": 2167.33
}
2025-03-08 16:26:02,915 - MetricsCollector - INFO - Collected and stored metrics: {
  "timestamp": "2025-03-08T16:26:02.896991",
  "system": {
    "thread_count": 2,
    "ram_usage_percent": 68.9
  },
  "bitcoin_price_usd": 85950,
  "ethereum_price_usd": 2166.8
}
2025-03-08 16:27:04,493 - MetricsCollector - INFO - Collected and stored metrics: {
  "timestamp": "2025-03-08T16:27:04.478144",
  "system": {
    "thread_count": 2,
    "ram_usage_percent": 70.2
  },
  "bitcoin_price_usd": 85903,
  "ethereum_price_usd": 2165.19
}
2025-03-08 16:28:05,740 - MetricsCollector - INFO - Collected and stored metrics: {
  "timestamp": "2025-03-08T16:28:05.725172",
  "system": {
    "thread_count": 2,
    "ram_usage_percent": 69.1
  },
  "bitcoin_price_usd": 85855,
  "ethereum_price_usd": 2163.66
}
2025-03-08 16:29:07,095 - MetricsCollector - INFO - Collected and stored metrics: {
  "timestamp": "2025-03-08T16:29:07.075378",
  "system": {
    "thread_count": 2,
    "ram_usage_percent": 67.1
  },
  "bitcoin_price_usd": 85877,
  "ethereum_price_usd": 2163.37
}
2025-03-08 16:30:08,423 - MetricsCollector - INFO - Collected and stored metrics: {
  "timestamp": "2025-03-08T16:30:08.409041",
  "system": {
    "thread_count": 2,
    "ram_usage_percent": 67.9
  },
  "bitcoin_price_usd": 85895,
  "ethereum_price_usd": 2163.58
}
2025-03-08 16:31:10,119 - MetricsCollector - INFO - Collected and stored metrics: {
  "timestamp": "2025-03-08T16:31:10.088705",
  "system": {
    "thread_count": 2,
    "ram_usage_percent": 67.9
  },
  "bitcoin_price_usd": 85889,
  "ethereum_price_usd": 2163.97
}
2025-03-08 16:32:11,762 - MetricsCollector - INFO - Collected and stored metrics: {
  "timestamp": "2025-03-08T16:32:11.747723",
  "system": {
    "thread_count": 2,
    "ram_usage_percent": 68.3
  },
  "bitcoin_price_usd": 85876,
  "ethereum_price_usd": 2164.01
}
2025-03-08 16:33:13,792 - MetricsCollector - INFO - Collected and stored metrics: {
  "timestamp": "2025-03-08T16:33:13.775563",
  "system": {
    "thread_count": 2,
    "ram_usage_percent": 70.3
  },
  "bitcoin_price_usd": 85915,
  "ethereum_price_usd": 2166.0
}
2025-03-08 16:34:16,045 - MetricsCollector - INFO - Collected and stored metrics: {
  "timestamp": "2025-03-08T16:34:16.030677",
  "system": {
    "thread_count": 2,
    "ram_usage_percent": 68.4
  },
  "bitcoin_price_usd": 85923,
  "ethereum_price_usd": 2166.64
}
2025-03-08 16:35:17,881 - MetricsCollector - INFO - Collected and stored metrics: {
  "timestamp": "2025-03-08T16:35:17.842247",
  "system": {
    "thread_count": 2,
    "ram_usage_percent": 68.6
  },
  "bitcoin_price_usd": 85980,
  "ethereum_price_usd": 2169.44
}
2025-03-08 16:36:20,002 - MetricsCollector - INFO - Collected and stored metrics: {
  "timestamp": "2025-03-08T16:36:19.984051",
  "system": {
    "thread_count": 2,
    "ram_usage_percent": 69.3
  },
  "bitcoin_price_usd": 85981,
  "ethereum_price_usd": 2171.04
}
2025-03-08 16:37:22,006 - MetricsCollector - INFO - Collected and stored metrics: {
  "timestamp": "2025-03-08T16:37:21.993676",
  "system": {
    "thread_count": 2,
    "ram_usage_percent": 72.5
  },
  "bitcoin_price_usd": 86030,
  "ethereum_price_usd": 2172.43
}
2025-03-08 16:38:23,078 - MetricsCollector - INFO - Collected and stored metrics: {
  "timestamp": "2025-03-08T16:38:23.065596",
  "system": {
    "thread_count": 2,
    "ram_usage_percent": 68.9
  },
  "bitcoin_price_usd": 86033,
  "ethereum_price_usd": 2173.28
}
2025-03-08 16:39:24,228 - MetricsCollector - INFO - Collected and stored metrics: {
  "timestamp": "2025-03-08T16:39:24.213324",
  "system": {
    "thread_count": 2,
    "ram_usage_percent": 65.5
  },
  "bitcoin_price_usd": 86050,
  "ethereum_price_usd": 2174.56
}
2025-03-08 16:40:25,436 - MetricsCollector - INFO - Collected and stored metrics: {
  "timestamp": "2025-03-08T16:40:25.420703",
  "system": {
    "thread_count": 2,
    "ram_usage_percent": 65.4
  },
  "bitcoin_price_usd": 86080,
  "ethereum_price_usd": 2176.38
}
2025-03-08 16:41:26,929 - MetricsCollector - INFO - Collected and stored metrics: {
  "timestamp": "2025-03-08T16:41:26.914303",
  "system": {
    "thread_count": 2,
    "ram_usage_percent": 64.8
  },
  "bitcoin_price_usd": 86064,
  "ethereum_price_usd": 2176.38
}
2025-03-08 16:42:28,541 - MetricsCollector - INFO - Collected and stored metrics: {
  "timestamp": "2025-03-08T16:42:28.523360",
  "system": {
    "thread_count": 2,
    "ram_usage_percent": 65.7
  },
  "bitcoin_price_usd": 86021,
  "ethereum_price_usd": 2175.74
}
2025-03-08 16:43:30,244 - MetricsCollector - INFO - Collected and stored metrics: {
  "timestamp": "2025-03-08T16:43:30.228843",
  "system": {
    "thread_count": 2,
    "ram_usage_percent": 64.9
  },
  "bitcoin_price_usd": 86036,
  "ethereum_price_usd": 2175.87
}
2025-03-08 16:44:32,021 - MetricsCollector - INFO - Collected and stored metrics: {
  "timestamp": "2025-03-08T16:44:32.005391",
  "system": {
    "thread_count": 2,
    "ram_usage_percent": 63.4
  },
  "bitcoin_price_usd": 86031,
  "ethereum_price_usd": 2175.92
}
2025-03-08 16:45:33,142 - MetricsCollector - INFO - Collected and stored metrics: {
  "timestamp": "2025-03-08T16:45:33.121017",
  "system": {
    "thread_count": 2,
    "ram_usage_percent": 63.5
  },
  "bitcoin_price_usd": 86037,
  "ethereum_price_usd": 2176.82
}
2025-03-08 16:46:34,828 - MetricsCollector - INFO - Collected and stored metrics: {
  "timestamp": "2025-03-08T16:46:34.811429",
  "system": {
    "thread_count": 2,
    "ram_usage_percent": 65.4
  },
  "bitcoin_price_usd": 86066,
  "ethereum_price_usd": 2178.79
}
2025-03-08 16:47:36,114 - MetricsCollector - INFO - Collected and stored metrics: {
  "timestamp": "2025-03-08T16:47:36.098497",
  "system": {
    "thread_count": 2,
    "ram_usage_percent": 64.0
  },
  "bitcoin_price_usd": 86125,
  "ethereum_price_usd": 2180.84
}
2025-03-08 16:48:37,378 - MetricsCollector - INFO - Collected and stored metrics: {
  "timestamp": "2025-03-08T16:48:37.378584",
  "system": {
    "thread_count": 2,
    "ram_usage_percent": 64.4
  },
  "bitcoin_price_usd": 86103,
  "ethereum_price_usd": 2180.62
}
2025-03-08 16:59:08,406 - MetricsCollector - INFO - Collected and stored metrics: {
  "timestamp": "2025-03-08T16:59:08.378282",
  "system": {
    "thread_count": 8,
    "ram_usage_percent": 68.0
  },
  "bitcoin_price_usd": 86126,
  "ethereum_price_usd": 2187.62
}
2025-03-08 17:00:09,854 - MetricsCollector - INFO - Collected and stored metrics: {
  "timestamp": "2025-03-08T17:00:09.848055",
  "system": {
    "thread_count": 5,
    "ram_usage_percent": 70.7
  },
  "bitcoin_price_usd": 86106,
  "ethereum_price_usd": 2187.02
}
2025-03-08 17:01:11,413 - MetricsCollector - INFO - Collected and stored metrics: {
  "timestamp": "2025-03-08T17:01:11.396424",
  "system": {
    "thread_count": 5,
    "ram_usage_percent": 70.4
  },
  "bitcoin_price_usd": 86101,
  "ethereum_price_usd": 2187.73
}
2025-03-08 17:02:13,348 - MetricsCollector - INFO - Collected and stored metrics: {
  "timestamp": "2025-03-08T17:02:13.331532",
  "system": {
    "thread_count": 5,
    "ram_usage_percent": 71.0
  },
  "bitcoin_price_usd": 86094,
  "ethereum_price_usd": 2187.9
}
2025-03-08 17:03:14,887 - MetricsCollector - INFO - Collected and stored metrics: {
  "timestamp": "2025-03-08T17:03:14.872243",
  "system": {
    "thread_count": 5,
    "ram_usage_percent": 69.1
  },
  "bitcoin_price_usd": 86064,
  "ethereum_price_usd": 2187.35
}
2025-03-08 17:04:20,597 - MetricsCollector - INFO - Collected and stored metrics: {
  "timestamp": "2025-03-08T17:04:20.581885",
  "system": {
    "thread_count": 6,
    "ram_usage_percent": 69.7
  },
  "bitcoin_price_usd": 86061,
  "ethereum_price_usd": 2186.41
}
2025-03-08 17:06:25,067 - MetricsCollector - INFO - Collected and stored metrics: {
  "timestamp": "2025-03-08T17:06:25.052370",
  "system": {
    "thread_count": 5,
    "ram_usage_percent": 70.1
  },
  "bitcoin_price_usd": 86003,
  "ethereum_price_usd": 2184.83
}
2025-03-08 17:07:26,703 - MetricsCollector - INFO - Collected and stored metrics: {
  "timestamp": "2025-03-08T17:07:26.691250",
  "system": {
    "thread_count": 5,
    "ram_usage_percent": 72.0
  },
  "bitcoin_price_usd": null,
  "ethereum_price_usd": null
}
2025-03-08 17:08:30,731 - MetricsCollector - INFO - Collected and stored metrics: {
  "timestamp": "2025-03-08T17:08:30.716662",
  "system": {
    "thread_count": 5,
    "ram_usage_percent": 72.6
  },
  "bitcoin_price_usd": null,
  "ethereum_price_usd": null
}
2025-03-08 17:09:32,711 - MetricsCollector - INFO - Collected and stored metrics: {
  "timestamp": "2025-03-08T17:09:32.695410",
  "system": {
    "thread_count": 6,
    "ram_usage_percent": 72.8
  },
  "bitcoin_price_usd": null,
  "ethereum_price_usd": null
}
2025-03-08 17:10:34,074 - MetricsCollector - INFO - Collected and stored metrics: {
  "timestamp": "2025-03-08T17:10:34.059327",
  "system": {
    "thread_count": 6,
    "ram_usage_percent": 72.1
  },
  "bitcoin_price_usd": 85871,
  "ethereum_price_usd": 2182.84
}
2025-03-08 17:11:36,654 - MetricsCollector - INFO - Collected and stored metrics: {
  "timestamp": "2025-03-08T17:11:36.639387",
  "system": {
    "thread_count": 6,
    "ram_usage_percent": 71.4
  },
  "bitcoin_price_usd": null,
  "ethereum_price_usd": null
}
2025-03-08 17:12:41,644 - MetricsCollector - INFO - Collected and stored metrics: {
  "timestamp": "2025-03-08T17:12:41.630197",
  "system": {
    "thread_count": 6,
    "ram_usage_percent": 71.9
  },
  "bitcoin_price_usd": 85778,
  "ethereum_price_usd": 2181.76
}
2025-03-08 17:13:43,223 - MetricsCollector - INFO - Collected and stored metrics: {
  "timestamp": "2025-03-08T17:13:43.207545",
  "system": {
    "thread_count": 6,
    "ram_usage_percent": 71.3
  },
  "bitcoin_price_usd": 85820,
  "ethereum_price_usd": 2182.76
}
2025-03-08 17:14:44,795 - MetricsCollector - INFO - Collected and stored metrics: {
  "timestamp": "2025-03-08T17:14:44.781460",
  "system": {
    "thread_count": 6,
    "ram_usage_percent": 71.2
  },
  "bitcoin_price_usd": 85846,
  "ethereum_price_usd": 2184.23
}
2025-03-08 17:15:46,289 - MetricsCollector - INFO - Collected and stored metrics: {
  "timestamp": "2025-03-08T17:15:46.274298",
  "system": {
    "thread_count": 6,
    "ram_usage_percent": 71.1
  },
  "bitcoin_price_usd": 85802,
  "ethereum_price_usd": 2183.9
}
2025-03-08 17:16:48,537 - MetricsCollector - INFO - Collected and stored metrics: {
  "timestamp": "2025-03-08T17:16:48.529731",
  "system": {
    "thread_count": 6,
    "ram_usage_percent": 71.9
  },
  "bitcoin_price_usd": 85737,
  "ethereum_price_usd": 2183.49
}
2025-03-08 17:17:50,407 - MetricsCollector - INFO - Collected and stored metrics: {
  "timestamp": "2025-03-08T17:17:50.399868",
  "system": {
    "thread_count": 6,
    "ram_usage_percent": 70.5
  },
  "bitcoin_price_usd": 85756,
  "ethereum_price_usd": 2184.51
}
2025-03-08 17:18:54,802 - MetricsCollector - INFO - Collected and stored metrics: {
  "timestamp": "2025-03-08T17:18:54.783495",
  "system": {
    "thread_count": 6,
    "ram_usage_percent": 73.1
  },
  "bitcoin_price_usd": 85736,
  "ethereum_price_usd": 2186.82
}
2025-03-08 17:19:56,712 - MetricsCollector - INFO - Collected and stored metrics: {
  "timestamp": "2025-03-08T17:19:56.697717",
  "system": {
    "thread_count": 2,
    "ram_usage_percent": 73.3
  },
  "bitcoin_price_usd": 85743,
  "ethereum_price_usd": 2188.3
}
2025-03-08 17:21:01,323 - MetricsCollector - INFO - Collected and stored metrics: {
  "timestamp": "2025-03-08T17:21:01.304080",
  "system": {
    "thread_count": 2,
    "ram_usage_percent": 74.5
  },
  "bitcoin_price_usd": 85873,
  "ethereum_price_usd": 2195.18
}
2025-03-08 17:22:03,476 - MetricsCollector - INFO - Collected and stored metrics: {
  "timestamp": "2025-03-08T17:22:03.459599",
  "system": {
    "thread_count": 2,
    "ram_usage_percent": 72.7
  },
  "bitcoin_price_usd": 85901,
  "ethereum_price_usd": 2197.88
}
2025-03-08 17:23:04,962 - MetricsCollector - INFO - Collected and stored metrics: {
  "timestamp": "2025-03-08T17:23:04.932222",
  "system": {
    "thread_count": 2,
    "ram_usage_percent": 74.4
  },
  "bitcoin_price_usd": 85921,
  "ethereum_price_usd": 2199.68
}
2025-03-08 17:24:06,491 - MetricsCollector - INFO - Collected and stored metrics: {
  "timestamp": "2025-03-08T17:24:06.476289",
  "system": {
    "thread_count": 3,
    "ram_usage_percent": 72.4
  },
  "bitcoin_price_usd": 85954,
  "ethereum_price_usd": 2203.05
}
2025-03-08 17:25:07,616 - MetricsCollector - INFO - Collected and stored metrics: {
  "timestamp": "2025-03-08T17:25:07.595584",
  "system": {
    "thread_count": 2,
    "ram_usage_percent": 72.9
  },
  "bitcoin_price_usd": 85915,
  "ethereum_price_usd": 2204.24
}
2025-03-08 17:26:08,992 - MetricsCollector - INFO - Collected and stored metrics: {
  "timestamp": "2025-03-08T17:26:08.977476",
  "system": {
    "thread_count": 2,
    "ram_usage_percent": 73.0
  },
  "bitcoin_price_usd": 85831,
  "ethereum_price_usd": 2202.53
}
2025-03-08 17:27:11,483 - MetricsCollector - INFO - Collected and stored metrics: {
  "timestamp": "2025-03-08T17:27:11.466106",
  "system": {
    "thread_count": 2,
    "ram_usage_percent": 73.4
  },
  "bitcoin_price_usd": 85827,
  "ethereum_price_usd": 2202.7
}
2025-03-08 17:28:13,425 - MetricsCollector - INFO - Collected and stored metrics: {
  "timestamp": "2025-03-08T17:28:13.404192",
  "system": {
    "thread_count": 2,
    "ram_usage_percent": 73.7
  },
  "bitcoin_price_usd": 85844,
  "ethereum_price_usd": 2203.47
}
2025-03-08 17:29:16,168 - MetricsCollector - INFO - Collected and stored metrics: {
  "timestamp": "2025-03-08T17:29:16.152900",
  "system": {
    "thread_count": 2,
    "ram_usage_percent": 72.0
  },
  "bitcoin_price_usd": 85880,
  "ethereum_price_usd": 2207.08
}
2025-03-08 17:30:18,752 - MetricsCollector - INFO - Collected and stored metrics: {
  "timestamp": "2025-03-08T17:30:18.737214",
  "system": {
    "thread_count": 2,
    "ram_usage_percent": 72.1
  },
  "bitcoin_price_usd": 85888,
  "ethereum_price_usd": 2208.03
}
2025-03-08 17:31:24,177 - MetricsCollector - INFO - Collected and stored metrics: {
  "timestamp": "2025-03-08T17:31:24.162270",
  "system": {
    "thread_count": 2,
    "ram_usage_percent": 71.7
  },
  "bitcoin_price_usd": 85871,
  "ethereum_price_usd": 2207.37
}
2025-03-08 17:32:27,482 - MetricsCollector - INFO - Collected and stored metrics: {
  "timestamp": "2025-03-08T17:32:27.467586",
  "system": {
    "thread_count": 2,
    "ram_usage_percent": 72.1
  },
  "bitcoin_price_usd": 85883,
  "ethereum_price_usd": 2207.92
}
2025-03-08 17:33:29,056 - MetricsCollector - INFO - Collected and stored metrics: {
  "timestamp": "2025-03-08T17:33:29.039718",
  "system": {
    "thread_count": 2,
    "ram_usage_percent": 73.6
  },
  "bitcoin_price_usd": 85988,
  "ethereum_price_usd": 2210.71
}
2025-03-08 20:29:58,496 - MetricsCollector - INFO - Collected and stored metrics: {
  "timestamp": "2025-03-08T20:29:58.461858",
  "system": {
    "thread_count": 8,
    "ram_usage_percent": 80.1
  },
  "bitcoin_price_usd": 86181,
  "ethereum_price_usd": 2217.52
}
2025-03-08 20:30:59,311 - MetricsCollector - INFO - Collected and stored metrics: {
  "timestamp": "2025-03-08T20:30:59.295681",
  "system": {
    "thread_count": 5,
    "ram_usage_percent": 83.1
  },
  "bitcoin_price_usd": 86183,
  "ethereum_price_usd": 2217.42
}
2025-03-08 20:31:59,657 - MetricsCollector - INFO - Collected and stored metrics: {
  "timestamp": "2025-03-08T20:31:59.641698",
  "system": {
    "thread_count": 5,
    "ram_usage_percent": 81.7
  },
  "bitcoin_price_usd": 86183,
  "ethereum_price_usd": 2217.42
}
2025-03-08 20:33:00,235 - MetricsCollector - INFO - Collected and stored metrics: {
  "timestamp": "2025-03-08T20:33:00.162648",
  "system": {
    "thread_count": 5,
    "ram_usage_percent": 84.5
  },
  "bitcoin_price_usd": 86196,
  "ethereum_price_usd": 2218.3
}
2025-03-08 20:34:00,556 - MetricsCollector - INFO - Collected and stored metrics: {
  "timestamp": "2025-03-08T20:34:00.541033",
  "system": {
    "thread_count": 5,
    "ram_usage_percent": 82.4
  },
  "bitcoin_price_usd": 86196,
  "ethereum_price_usd": 2218.3
}
2025-03-08 20:35:00,952 - MetricsCollector - INFO - Collected and stored metrics: {
  "timestamp": "2025-03-08T20:35:00.936727",
  "system": {
    "thread_count": 5,
    "ram_usage_percent": 83.2
  },
  "bitcoin_price_usd": 86243,
  "ethereum_price_usd": 2219.88
}
2025-03-08 20:36:01,347 - MetricsCollector - INFO - Collected and stored metrics: {
  "timestamp": "2025-03-08T20:36:01.331970",
  "system": {
    "thread_count": 5,
    "ram_usage_percent": 82.6
  },
  "bitcoin_price_usd": 86236,
  "ethereum_price_usd": 2219.64
}
2025-03-08 20:37:01,638 - MetricsCollector - INFO - Collected and stored metrics: {
  "timestamp": "2025-03-08T20:37:01.631255",
  "system": {
    "thread_count": 4,
    "ram_usage_percent": 81.9
  },
  "bitcoin_price_usd": 86236,
  "ethereum_price_usd": 2219.64
}
2025-03-08 20:38:02,283 - MetricsCollector - INFO - Collected and stored metrics: {
  "timestamp": "2025-03-08T20:38:02.269744",
  "system": {
    "thread_count": 4,
    "ram_usage_percent": 79.2
  },
  "bitcoin_price_usd": 86235,
  "ethereum_price_usd": 2219.51
}
2025-03-08 20:39:02,874 - MetricsCollector - INFO - Collected and stored metrics: {
  "timestamp": "2025-03-08T20:39:02.786931",
  "system": {
    "thread_count": 4,
    "ram_usage_percent": 81.0
  },
  "bitcoin_price_usd": 86235,
  "ethereum_price_usd": 2219.51
}
2025-03-08 20:40:03,370 - MetricsCollector - INFO - Collected and stored metrics: {
  "timestamp": "2025-03-08T20:40:03.355046",
  "system": {
    "thread_count": 4,
    "ram_usage_percent": 79.2
  },
  "bitcoin_price_usd": 86237,
  "ethereum_price_usd": 2218.88
}
2025-03-08 20:41:03,635 - MetricsCollector - INFO - Collected and stored metrics: {
  "timestamp": "2025-03-08T20:41:03.619562",
  "system": {
    "thread_count": 4,
    "ram_usage_percent": 78.6
  },
  "bitcoin_price_usd": 86237,
  "ethereum_price_usd": 2218.88
}
2025-03-08 20:42:04,554 - MetricsCollector - INFO - Collected and stored metrics: {
  "timestamp": "2025-03-08T20:42:04.534110",
  "system": {
    "thread_count": 4,
    "ram_usage_percent": 79.6
  },
  "bitcoin_price_usd": 86263,
  "ethereum_price_usd": 2219.26
}
2025-03-08 20:43:05,207 - MetricsCollector - INFO - Collected and stored metrics: {
  "timestamp": "2025-03-08T20:43:05.134089",
  "system": {
    "thread_count": 4,
    "ram_usage_percent": 83.2
  },
  "bitcoin_price_usd": 86256,
  "ethereum_price_usd": 2218.92
}
2025-03-08 20:44:05,518 - MetricsCollector - INFO - Collected and stored metrics: {
  "timestamp": "2025-03-08T20:44:05.503788",
  "system": {
    "thread_count": 4,
    "ram_usage_percent": 81.9
  },
  "bitcoin_price_usd": 86256,
  "ethereum_price_usd": 2218.92
}
2025-03-08 20:45:06,107 - MetricsCollector - INFO - Collected and stored metrics: {
  "timestamp": "2025-03-08T20:45:06.091095",
  "system": {
    "thread_count": 4,
    "ram_usage_percent": 85.1
  },
  "bitcoin_price_usd": 86258,
  "ethereum_price_usd": 2218.04
}
2025-03-08 20:46:06,508 - MetricsCollector - INFO - Collected and stored metrics: {
  "timestamp": "2025-03-08T20:46:06.500623",
  "system": {
    "thread_count": 4,
    "ram_usage_percent": 83.9
  },
  "bitcoin_price_usd": 86258,
  "ethereum_price_usd": 2218.04
}
2025-03-08 20:47:06,890 - MetricsCollector - INFO - Collected and stored metrics: {
  "timestamp": "2025-03-08T20:47:06.875210",
  "system": {
    "thread_count": 4,
    "ram_usage_percent": 83.9
  },
  "bitcoin_price_usd": 86274,
  "ethereum_price_usd": 2217.58
}
2025-03-08 20:48:15,147 - MetricsCollector - INFO - Collected and stored metrics: {
  "timestamp": "2025-03-08T20:48:15.116611",
  "system": {
    "thread_count": 4,
    "ram_usage_percent": 83.2
  },
  "bitcoin_price_usd": 86252,
  "ethereum_price_usd": 2216.22
}
2025-03-08 20:49:15,549 - MetricsCollector - INFO - Collected and stored metrics: {
  "timestamp": "2025-03-08T20:49:15.533925",
  "system": {
    "thread_count": 4,
    "ram_usage_percent": 83.7
  },
  "bitcoin_price_usd": 86252,
  "ethereum_price_usd": 2216.22
}
2025-03-08 20:50:16,107 - MetricsCollector - INFO - Collected and stored metrics: {
  "timestamp": "2025-03-08T20:50:16.083777",
  "system": {
    "thread_count": 2,
    "ram_usage_percent": 83.6
  },
  "bitcoin_price_usd": 86262,
  "ethereum_price_usd": 2216.73
}
2025-03-08 20:51:16,593 - MetricsCollector - INFO - Collected and stored metrics: {
  "timestamp": "2025-03-08T20:51:16.574217",
  "system": {
    "thread_count": 2,
    "ram_usage_percent": 83.3
  },
  "bitcoin_price_usd": 86262,
  "ethereum_price_usd": 2216.73
}
2025-03-08 20:52:17,135 - MetricsCollector - INFO - Collected and stored metrics: {
  "timestamp": "2025-03-08T20:52:17.119480",
  "system": {
    "thread_count": 2,
    "ram_usage_percent": 84.1
  },
  "bitcoin_price_usd": 86285,
  "ethereum_price_usd": 2217.34
}
2025-03-08 20:53:17,445 - MetricsCollector - INFO - Collected and stored metrics: {
  "timestamp": "2025-03-08T20:53:17.430737",
  "system": {
    "thread_count": 2,
    "ram_usage_percent": 83.8
  },
  "bitcoin_price_usd": 86285,
  "ethereum_price_usd": 2217.34
}
2025-03-08 20:54:18,649 - MetricsCollector - INFO - Collected and stored metrics: {
  "timestamp": "2025-03-08T20:54:18.631336",
  "system": {
    "thread_count": 2,
    "ram_usage_percent": 87.0
  },
  "bitcoin_price_usd": 86245,
  "ethereum_price_usd": 2216.2
}
2025-03-08 20:55:19,165 - MetricsCollector - INFO - Collected and stored metrics: {
  "timestamp": "2025-03-08T20:55:19.157274",
  "system": {
    "thread_count": 2,
    "ram_usage_percent": 84.9
  },
  "bitcoin_price_usd": 86248,
  "ethereum_price_usd": 2215.88
}
2025-03-08 20:56:19,490 - MetricsCollector - INFO - Collected and stored metrics: {
  "timestamp": "2025-03-08T20:56:19.475057",
  "system": {
    "thread_count": 2,
    "ram_usage_percent": 86.8
  },
  "bitcoin_price_usd": 86248,
  "ethereum_price_usd": 2215.88
}
2025-03-08 20:57:20,129 - MetricsCollector - INFO - Collected and stored metrics: {
  "timestamp": "2025-03-08T20:57:20.110984",
  "system": {
    "thread_count": 2,
    "ram_usage_percent": 86.6
  },
  "bitcoin_price_usd": 86302,
  "ethereum_price_usd": 2215.77
}
2025-03-08 20:58:20,394 - MetricsCollector - INFO - Collected and stored metrics: {
  "timestamp": "2025-03-08T20:58:20.379193",
  "system": {
    "thread_count": 2,
    "ram_usage_percent": 85.5
  },
  "bitcoin_price_usd": 86302,
  "ethereum_price_usd": 2215.77
}
2025-03-08 20:59:20,761 - MetricsCollector - INFO - Collected and stored metrics: {
  "timestamp": "2025-03-08T20:59:20.732540",
  "system": {
    "thread_count": 2,
    "ram_usage_percent": 84.1
  },
  "bitcoin_price_usd": 86283,
  "ethereum_price_usd": 2215.23
}
2025-03-08 21:00:21,205 - MetricsCollector - INFO - Collected and stored metrics: {
  "timestamp": "2025-03-08T21:00:21.186933",
  "system": {
    "thread_count": 2,
    "ram_usage_percent": 85.4
  },
  "bitcoin_price_usd": 86281,
  "ethereum_price_usd": 2214.74
}
2025-03-08 21:01:21,399 - MetricsCollector - INFO - Collected and stored metrics: {
  "timestamp": "2025-03-08T21:01:21.399678",
  "system": {
    "thread_count": 2,
    "ram_usage_percent": 83.7
  },
  "bitcoin_price_usd": 86281,
  "ethereum_price_usd": 2214.74
}
2025-03-08 21:02:21,760 - MetricsCollector - INFO - Collected and stored metrics: {
  "timestamp": "2025-03-08T21:02:21.745127",
  "system": {
    "thread_count": 2,
    "ram_usage_percent": 84.8
  },
  "bitcoin_price_usd": 86259,
  "ethereum_price_usd": 2213.4
}
2025-03-08 21:03:22,281 - MetricsCollector - INFO - Collected and stored metrics: {
  "timestamp": "2025-03-08T21:03:22.266120",
  "system": {
    "thread_count": 2,
    "ram_usage_percent": 85.8
  },
  "bitcoin_price_usd": 86260,
  "ethereum_price_usd": 2213.36
}
2025-03-08 21:04:22,642 - MetricsCollector - INFO - Collected and stored metrics: {
  "timestamp": "2025-03-08T21:04:22.642762",
  "system": {
    "thread_count": 2,
    "ram_usage_percent": 84.0
  },
  "bitcoin_price_usd": 86260,
  "ethereum_price_usd": 2213.36
}
2025-03-08 21:05:23,182 - MetricsCollector - INFO - Collected and stored metrics: {
  "timestamp": "2025-03-08T21:05:23.166797",
  "system": {
    "thread_count": 2,
    "ram_usage_percent": 83.6
  },
  "bitcoin_price_usd": 86254,
  "ethereum_price_usd": 2213.8
}
2025-03-08 21:06:23,476 - MetricsCollector - INFO - Collected and stored metrics: {
  "timestamp": "2025-03-08T21:06:23.459574",
  "system": {
    "thread_count": 2,
    "ram_usage_percent": 84.3
  },
  "bitcoin_price_usd": 86254,
  "ethereum_price_usd": 2213.8
}
2025-03-08 21:07:24,074 - MetricsCollector - INFO - Collected and stored metrics: {
  "timestamp": "2025-03-08T21:07:24.058624",
  "system": {
    "thread_count": 2,
    "ram_usage_percent": 82.7
  },
  "bitcoin_price_usd": 86267,
  "ethereum_price_usd": 2215.03
}
2025-03-08 21:08:24,343 - MetricsCollector - INFO - Collected and stored metrics: {
  "timestamp": "2025-03-08T21:08:24.328394",
  "system": {
    "thread_count": 2,
    "ram_usage_percent": 85.3
  },
  "bitcoin_price_usd": 86267,
  "ethereum_price_usd": 2215.03
}
2025-03-08 21:09:25,025 - MetricsCollector - INFO - Collected and stored metrics: {
  "timestamp": "2025-03-08T21:09:25.001851",
  "system": {
    "thread_count": 2,
    "ram_usage_percent": 87.1
  },
  "bitcoin_price_usd": 86327,
  "ethereum_price_usd": 2216.44
}
2025-03-08 21:10:25,589 - MetricsCollector - INFO - Collected and stored metrics: {
  "timestamp": "2025-03-08T21:10:25.567617",
  "system": {
    "thread_count": 2,
    "ram_usage_percent": 87.2
  },
  "bitcoin_price_usd": 86352,
  "ethereum_price_usd": 2217.34
}
2025-03-08 21:11:26,810 - MetricsCollector - INFO - Collected and stored metrics: {
  "timestamp": "2025-03-08T21:11:26.678752",
  "system": {
    "thread_count": 3,
    "ram_usage_percent": 90.1
  },
  "bitcoin_price_usd": 86346,
  "ethereum_price_usd": 2217.5
}
2025-03-08 21:12:27,213 - MetricsCollector - INFO - Collected and stored metrics: {
  "timestamp": "2025-03-08T21:12:27.188198",
  "system": {
    "thread_count": 2,
    "ram_usage_percent": 92.5
  },
  "bitcoin_price_usd": 86390,
  "ethereum_price_usd": 2218.02
}
2025-03-08 21:13:27,567 - MetricsCollector - INFO - Collected and stored metrics: {
  "timestamp": "2025-03-08T21:13:27.551739",
  "system": {
    "thread_count": 2,
    "ram_usage_percent": 87.0
  },
  "bitcoin_price_usd": 86390,
  "ethereum_price_usd": 2218.02
}
2025-03-08 21:14:28,027 - MetricsCollector - INFO - Collected and stored metrics: {
  "timestamp": "2025-03-08T21:14:28.010687",
  "system": {
    "thread_count": 2,
    "ram_usage_percent": 88.9
  },
  "bitcoin_price_usd": 86380,
  "ethereum_price_usd": 2218.55
}
2025-03-08 21:15:28,472 - MetricsCollector - INFO - Collected and stored metrics: {
  "timestamp": "2025-03-08T21:15:28.449332",
  "system": {
    "thread_count": 2,
    "ram_usage_percent": 86.7
  },
  "bitcoin_price_usd": 86356,
  "ethereum_price_usd": 2217.85
}
2025-03-08 21:16:28,745 - MetricsCollector - INFO - Collected and stored metrics: {
  "timestamp": "2025-03-08T21:16:28.730006",
  "system": {
    "thread_count": 2,
    "ram_usage_percent": 85.1
  },
  "bitcoin_price_usd": 86356,
  "ethereum_price_usd": 2217.85
}
2025-03-08 21:17:29,222 - MetricsCollector - INFO - Collected and stored metrics: {
  "timestamp": "2025-03-08T21:17:29.189821",
  "system": {
    "thread_count": 2,
    "ram_usage_percent": 85.8
  },
  "bitcoin_price_usd": 86348,
  "ethereum_price_usd": 2217.61
}
2025-03-08 21:18:29,604 - MetricsCollector - INFO - Collected and stored metrics: {
  "timestamp": "2025-03-08T21:18:29.587497",
  "system": {
    "thread_count": 2,
    "ram_usage_percent": 83.9
  },
  "bitcoin_price_usd": 86348,
  "ethereum_price_usd": 2217.61
}
2025-03-08 21:19:30,259 - MetricsCollector - INFO - Collected and stored metrics: {
  "timestamp": "2025-03-08T21:19:30.243875",
  "system": {
    "thread_count": 2,
    "ram_usage_percent": 88.3
  },
  "bitcoin_price_usd": 86358,
  "ethereum_price_usd": 2217.54
}
2025-03-08 21:20:31,725 - MetricsCollector - INFO - Collected and stored metrics: {
  "timestamp": "2025-03-08T21:20:31.705295",
  "system": {
    "thread_count": 2,
    "ram_usage_percent": 87.1
  },
  "bitcoin_price_usd": 86361,
  "ethereum_price_usd": 2218.86
}
2025-03-08 21:21:32,450 - MetricsCollector - INFO - Collected and stored metrics: {
  "timestamp": "2025-03-08T21:21:32.416349",
  "system": {
    "thread_count": 2,
    "ram_usage_percent": 85.7
  },
  "bitcoin_price_usd": 86376,
  "ethereum_price_usd": 2219.18
}
2025-03-08 21:22:32,731 - MetricsCollector - INFO - Collected and stored metrics: {
  "timestamp": "2025-03-08T21:22:32.715442",
  "system": {
    "thread_count": 2,
    "ram_usage_percent": 82.5
  },
  "bitcoin_price_usd": 86376,
  "ethereum_price_usd": 2219.18
}
2025-03-08 21:23:33,141 - MetricsCollector - INFO - Collected and stored metrics: {
  "timestamp": "2025-03-08T21:23:33.124038",
  "system": {
    "thread_count": 2,
    "ram_usage_percent": 82.6
  },
  "bitcoin_price_usd": 86410,
  "ethereum_price_usd": 2220.64
}
2025-03-08 21:24:33,506 - MetricsCollector - INFO - Collected and stored metrics: {
  "timestamp": "2025-03-08T21:24:33.491154",
  "system": {
    "thread_count": 2,
    "ram_usage_percent": 84.3
  },
  "bitcoin_price_usd": 86410,
  "ethereum_price_usd": 2220.64
}
2025-03-08 21:25:34,112 - MetricsCollector - INFO - Collected and stored metrics: {
  "timestamp": "2025-03-08T21:25:34.091028",
  "system": {
    "thread_count": 2,
    "ram_usage_percent": 81.4
  },
  "bitcoin_price_usd": 86418,
  "ethereum_price_usd": 2221.05
}
2025-03-08 21:26:34,422 - MetricsCollector - INFO - Collected and stored metrics: {
  "timestamp": "2025-03-08T21:26:34.404202",
  "system": {
    "thread_count": 2,
    "ram_usage_percent": 80.9
  },
  "bitcoin_price_usd": 86418,
  "ethereum_price_usd": 2221.05
}
2025-03-08 21:27:34,858 - MetricsCollector - INFO - Collected and stored metrics: {
  "timestamp": "2025-03-08T21:27:34.843727",
  "system": {
    "thread_count": 2,
    "ram_usage_percent": 86.1
  },
  "bitcoin_price_usd": 86413,
  "ethereum_price_usd": 2221.23
}
2025-03-08 21:28:35,340 - MetricsCollector - INFO - Collected and stored metrics: {
  "timestamp": "2025-03-08T21:28:35.325315",
  "system": {
    "thread_count": 2,
    "ram_usage_percent": 80.6
  },
  "bitcoin_price_usd": 86430,
  "ethereum_price_usd": 2221.89
}
2025-03-08 21:29:35,580 - MetricsCollector - INFO - Collected and stored metrics: {
  "timestamp": "2025-03-08T21:29:35.564334",
  "system": {
    "thread_count": 2,
    "ram_usage_percent": 79.8
  },
  "bitcoin_price_usd": 86430,
  "ethereum_price_usd": 2221.89
}
2025-03-08 21:30:36,473 - MetricsCollector - INFO - Collected and stored metrics: {
  "timestamp": "2025-03-08T21:30:36.454323",
  "system": {
    "thread_count": 2,
    "ram_usage_percent": 79.7
  },
  "bitcoin_price_usd": 86474,
  "ethereum_price_usd": 2223.33
}
2025-03-08 21:31:36,785 - MetricsCollector - INFO - Collected and stored metrics: {
  "timestamp": "2025-03-08T21:31:36.771203",
  "system": {
    "thread_count": 2,
    "ram_usage_percent": 81.6
  },
  "bitcoin_price_usd": 86474,
  "ethereum_price_usd": 2223.33
}
2025-03-08 21:32:37,560 - MetricsCollector - INFO - Collected and stored metrics: {
  "timestamp": "2025-03-08T21:32:37.410860",
  "system": {
    "thread_count": 2,
    "ram_usage_percent": 80.0
  },
  "bitcoin_price_usd": 86453,
  "ethereum_price_usd": 2222.79
}
2025-03-08 21:33:37,868 - MetricsCollector - INFO - Collected and stored metrics: {
  "timestamp": "2025-03-08T21:33:37.825678",
  "system": {
    "thread_count": 2,
    "ram_usage_percent": 81.7
  },
  "bitcoin_price_usd": 86453,
  "ethereum_price_usd": 2222.79
}
2025-03-08 21:34:38,307 - MetricsCollector - INFO - Collected and stored metrics: {
  "timestamp": "2025-03-08T21:34:38.290682",
  "system": {
    "thread_count": 2,
    "ram_usage_percent": 81.6
  },
  "bitcoin_price_usd": 86465,
  "ethereum_price_usd": 2223.17
}
2025-03-08 21:35:38,907 - MetricsCollector - INFO - Collected and stored metrics: {
  "timestamp": "2025-03-08T21:35:38.728491",
  "system": {
    "thread_count": 2,
    "ram_usage_percent": 80.5
  },
  "bitcoin_price_usd": 86465,
  "ethereum_price_usd": 2223.17
}
2025-03-08 21:36:39,435 - MetricsCollector - INFO - Collected and stored metrics: {
  "timestamp": "2025-03-08T21:36:39.418051",
  "system": {
    "thread_count": 2,
    "ram_usage_percent": 80.8
  },
  "bitcoin_price_usd": 86482,
  "ethereum_price_usd": 2223.28
}
2025-03-08 21:37:39,653 - MetricsCollector - INFO - Collected and stored metrics: {
  "timestamp": "2025-03-08T21:37:39.637868",
  "system": {
    "thread_count": 2,
    "ram_usage_percent": 83.2
  },
  "bitcoin_price_usd": 86482,
  "ethereum_price_usd": 2223.28
}
2025-03-08 21:38:40,453 - MetricsCollector - INFO - Collected and stored metrics: {
  "timestamp": "2025-03-08T21:38:40.436488",
  "system": {
    "thread_count": 2,
    "ram_usage_percent": 81.8
  },
  "bitcoin_price_usd": 86397,
  "ethereum_price_usd": 2221.41
}
2025-03-08 21:39:40,825 - MetricsCollector - INFO - Collected and stored metrics: {
  "timestamp": "2025-03-08T21:39:40.810631",
  "system": {
    "thread_count": 2,
    "ram_usage_percent": 82.1
  },
  "bitcoin_price_usd": 86397,
  "ethereum_price_usd": 2221.41
}
2025-03-08 21:40:41,441 - MetricsCollector - INFO - Collected and stored metrics: {
  "timestamp": "2025-03-08T21:40:41.426298",
  "system": {
    "thread_count": 2,
    "ram_usage_percent": 80.4
  },
  "bitcoin_price_usd": 86379,
  "ethereum_price_usd": 2220.78
}
2025-03-08 21:41:41,720 - MetricsCollector - INFO - Collected and stored metrics: {
  "timestamp": "2025-03-08T21:41:41.705374",
  "system": {
    "thread_count": 2,
    "ram_usage_percent": 81.3
  },
  "bitcoin_price_usd": 86379,
  "ethereum_price_usd": 2220.78
}
2025-03-08 21:42:42,111 - MetricsCollector - INFO - Collected and stored metrics: {
  "timestamp": "2025-03-08T21:42:42.079898",
  "system": {
    "thread_count": 2,
    "ram_usage_percent": 80.7
  },
  "bitcoin_price_usd": 86374,
  "ethereum_price_usd": 2218.73
}
2025-03-08 21:43:42,417 - MetricsCollector - INFO - Collected and stored metrics: {
  "timestamp": "2025-03-08T21:43:42.409998",
  "system": {
    "thread_count": 2,
    "ram_usage_percent": 80.6
  },
  "bitcoin_price_usd": 86374,
  "ethereum_price_usd": 2218.73
}
2025-03-08 21:44:42,860 - MetricsCollector - INFO - Collected and stored metrics: {
  "timestamp": "2025-03-08T21:44:42.844803",
  "system": {
    "thread_count": 2,
    "ram_usage_percent": 83.5
  },
  "bitcoin_price_usd": 86322,
  "ethereum_price_usd": 2217.05
}
2025-03-08 21:45:43,630 - MetricsCollector - INFO - Collected and stored metrics: {
  "timestamp": "2025-03-08T21:45:43.614399",
  "system": {
    "thread_count": 2,
    "ram_usage_percent": 81.0
  },
  "bitcoin_price_usd": 86325,
  "ethereum_price_usd": 2216.57
}
2025-03-08 21:46:43,965 - MetricsCollector - INFO - Collected and stored metrics: {
  "timestamp": "2025-03-08T21:46:43.965721",
  "system": {
    "thread_count": 2,
    "ram_usage_percent": 80.8
  },
  "bitcoin_price_usd": 86325,
  "ethereum_price_usd": 2216.57
}
2025-03-08 21:47:44,398 - MetricsCollector - INFO - Collected and stored metrics: {
  "timestamp": "2025-03-08T21:47:44.322041",
  "system": {
    "thread_count": 2,
    "ram_usage_percent": 81.4
  },
  "bitcoin_price_usd": 86315,
  "ethereum_price_usd": 2216.43
}
2025-03-08 21:48:44,909 - MetricsCollector - INFO - Collected and stored metrics: {
  "timestamp": "2025-03-08T21:48:44.891700",
  "system": {
    "thread_count": 2,
    "ram_usage_percent": 80.9
  },
  "bitcoin_price_usd": 86307,
  "ethereum_price_usd": 2216.34
}
2025-03-08 21:49:45,736 - MetricsCollector - INFO - Collected and stored metrics: {
  "timestamp": "2025-03-08T21:49:45.721335",
  "system": {
    "thread_count": 2,
    "ram_usage_percent": 80.6
  },
  "bitcoin_price_usd": 86313,
  "ethereum_price_usd": 2216.33
}
2025-03-08 21:50:46,445 - MetricsCollector - INFO - Collected and stored metrics: {
  "timestamp": "2025-03-08T21:50:46.436551",
  "system": {
    "thread_count": 2,
    "ram_usage_percent": 82.0
  },
  "bitcoin_price_usd": 86302,
  "ethereum_price_usd": 2215.99
}
2025-03-08 21:51:47,007 - MetricsCollector - INFO - Collected and stored metrics: {
  "timestamp": "2025-03-08T21:51:46.994367",
  "system": {
    "thread_count": 2,
    "ram_usage_percent": 81.4
  },
  "bitcoin_price_usd": 86302,
  "ethereum_price_usd": 2215.99
}
2025-03-08 21:52:47,618 - MetricsCollector - INFO - Collected and stored metrics: {
  "timestamp": "2025-03-08T21:52:47.602408",
  "system": {
    "thread_count": 2,
    "ram_usage_percent": 82.4
  },
  "bitcoin_price_usd": 86281,
  "ethereum_price_usd": 2215.46
}
2025-03-08 21:53:48,032 - MetricsCollector - INFO - Collected and stored metrics: {
  "timestamp": "2025-03-08T21:53:48.026868",
  "system": {
    "thread_count": 2,
    "ram_usage_percent": 82.3
  },
  "bitcoin_price_usd": 86281,
  "ethereum_price_usd": 2215.46
}
2025-03-08 21:54:48,558 - MetricsCollector - INFO - Collected and stored metrics: {
  "timestamp": "2025-03-08T21:54:48.542458",
  "system": {
    "thread_count": 2,
    "ram_usage_percent": 78.0
  },
  "bitcoin_price_usd": 86243,
  "ethereum_price_usd": 2214.61
}
2025-03-08 21:55:49,060 - MetricsCollector - INFO - Collected and stored metrics: {
  "timestamp": "2025-03-08T21:55:49.054772",
  "system": {
    "thread_count": 2,
    "ram_usage_percent": 78.4
  },
  "bitcoin_price_usd": 86243,
  "ethereum_price_usd": 2214.61
}
2025-03-08 21:56:49,607 - MetricsCollector - INFO - Collected and stored metrics: {
  "timestamp": "2025-03-08T21:56:49.584723",
  "system": {
    "thread_count": 2,
    "ram_usage_percent": 80.5
  },
  "bitcoin_price_usd": 86201,
  "ethereum_price_usd": 2213.71
}
2025-03-08 21:57:49,914 - MetricsCollector - INFO - Collected and stored metrics: {
  "timestamp": "2025-03-08T21:57:49.894931",
  "system": {
    "thread_count": 2,
    "ram_usage_percent": 78.2
  },
  "bitcoin_price_usd": 86201,
  "ethereum_price_usd": 2213.71
}
2025-03-08 21:58:50,686 - MetricsCollector - INFO - Collected and stored metrics: {
  "timestamp": "2025-03-08T21:58:50.664092",
  "system": {
    "thread_count": 2,
    "ram_usage_percent": 79.6
  },
  "bitcoin_price_usd": 86174,
  "ethereum_price_usd": 2213.74
}
2025-03-08 21:59:51,072 - MetricsCollector - INFO - Collected and stored metrics: {
  "timestamp": "2025-03-08T21:59:51.056613",
  "system": {
    "thread_count": 2,
    "ram_usage_percent": 79.2
  },
  "bitcoin_price_usd": 86174,
  "ethereum_price_usd": 2213.74
}
2025-03-08 22:00:52,124 - MetricsCollector - INFO - Collected and stored metrics: {
  "timestamp": "2025-03-08T22:00:52.106351",
  "system": {
    "thread_count": 2,
    "ram_usage_percent": 82.1
  },
  "bitcoin_price_usd": 86209,
  "ethereum_price_usd": 2214.64
}
2025-03-08 22:01:52,392 - MetricsCollector - INFO - Collected and stored metrics: {
  "timestamp": "2025-03-08T22:01:52.375117",
  "system": {
    "thread_count": 2,
    "ram_usage_percent": 81.6
  },
  "bitcoin_price_usd": 86209,
  "ethereum_price_usd": 2214.64
}
2025-03-08 22:02:53,114 - MetricsCollector - INFO - Collected and stored metrics: {
  "timestamp": "2025-03-08T22:02:53.098568",
  "system": {
    "thread_count": 2,
    "ram_usage_percent": 83.8
  },
  "bitcoin_price_usd": 86208,
  "ethereum_price_usd": 2214.92
}
2025-03-08 22:03:53,553 - MetricsCollector - INFO - Collected and stored metrics: {
  "timestamp": "2025-03-08T22:03:53.532495",
  "system": {
    "thread_count": 2,
    "ram_usage_percent": 83.1
  },
  "bitcoin_price_usd": 86208,
  "ethereum_price_usd": 2214.92
}
2025-03-08 22:04:54,277 - MetricsCollector - INFO - Collected and stored metrics: {
  "timestamp": "2025-03-08T22:04:54.264222",
  "system": {
    "thread_count": 2,
    "ram_usage_percent": 85.1
  },
  "bitcoin_price_usd": 86217,
  "ethereum_price_usd": 2215.46
}
2025-03-08 22:05:54,574 - MetricsCollector - INFO - Collected and stored metrics: {
  "timestamp": "2025-03-08T22:05:54.558471",
  "system": {
    "thread_count": 2,
    "ram_usage_percent": 84.2
  },
  "bitcoin_price_usd": 86217,
  "ethereum_price_usd": 2215.46
}
2025-03-08 22:06:54,937 - MetricsCollector - INFO - Collected and stored metrics: {
  "timestamp": "2025-03-08T22:06:54.921744",
  "system": {
    "thread_count": 2,
    "ram_usage_percent": 83.6
  },
  "bitcoin_price_usd": 86216,
  "ethereum_price_usd": 2215.34
}
2025-03-08 22:07:55,346 - MetricsCollector - INFO - Collected and stored metrics: {
  "timestamp": "2025-03-08T22:07:55.322824",
  "system": {
    "thread_count": 2,
    "ram_usage_percent": 84.0
  },
  "bitcoin_price_usd": 86224,
  "ethereum_price_usd": 2215.66
}
2025-03-08 22:08:56,869 - MetricsCollector - INFO - Collected and stored metrics: {
  "timestamp": "2025-03-08T22:08:56.852536",
  "system": {
    "thread_count": 2,
    "ram_usage_percent": 85.3
  },
  "bitcoin_price_usd": 86215,
  "ethereum_price_usd": 2215.53
}
2025-03-08 22:09:57,619 - MetricsCollector - INFO - Collected and stored metrics: {
  "timestamp": "2025-03-08T22:09:57.601346",
  "system": {
    "thread_count": 3,
    "ram_usage_percent": 84.1
  },
  "bitcoin_price_usd": 86214,
  "ethereum_price_usd": 2215.46
}
2025-03-08 22:11:00,469 - MetricsCollector - INFO - Collected and stored metrics: {
  "timestamp": "2025-03-08T22:11:00.453920",
  "system": {
    "thread_count": 2,
    "ram_usage_percent": 85.7
  },
  "bitcoin_price_usd": 86206,
  "ethereum_price_usd": 2215.15
}
2025-03-08 22:12:01,033 - MetricsCollector - INFO - Collected and stored metrics: {
  "timestamp": "2025-03-08T22:12:01.014282",
  "system": {
    "thread_count": 2,
    "ram_usage_percent": 86.4
  },
  "bitcoin_price_usd": 86206,
  "ethereum_price_usd": 2215.15
}
2025-03-08 22:13:02,038 - MetricsCollector - INFO - Collected and stored metrics: {
  "timestamp": "2025-03-08T22:13:01.990842",
  "system": {
    "thread_count": 2,
    "ram_usage_percent": 85.7
  },
  "bitcoin_price_usd": 86184,
  "ethereum_price_usd": 2214.47
}
2025-03-08 22:14:02,836 - MetricsCollector - INFO - Collected and stored metrics: {
  "timestamp": "2025-03-08T22:14:02.820209",
  "system": {
    "thread_count": 2,
    "ram_usage_percent": 86.0
  },
  "bitcoin_price_usd": 86111,
  "ethereum_price_usd": 2211.68
}
2025-03-08 22:15:03,300 - MetricsCollector - INFO - Collected and stored metrics: {
  "timestamp": "2025-03-08T22:15:03.284462",
  "system": {
    "thread_count": 2,
    "ram_usage_percent": 87.7
  },
  "bitcoin_price_usd": 86152,
  "ethereum_price_usd": 2212.09
}
2025-03-08 22:16:04,466 - MetricsCollector - INFO - Collected and stored metrics: {
  "timestamp": "2025-03-08T22:16:04.434107",
  "system": {
    "thread_count": 2,
    "ram_usage_percent": 88.6
  },
  "bitcoin_price_usd": 85961,
  "ethereum_price_usd": 2207.36
}
